{"H:\\Akai\\client\\src\\components\\AdminAuth.tsx": {"path":"H:\\Akai\\client\\src\\components\\AdminAuth.tsx","statementMap":{"0":{"start":{"line":18,"column":51},"end":{"line":18,"column":null}},"1":{"start":{"line":19,"column":24},"end":{"line":19,"column":null}},"2":{"start":{"line":22,"column":24},"end":{"line":28,"column":null}},"3":{"start":{"line":23,"column":8},"end":{"line":27,"column":null}},"4":{"start":{"line":24,"column":12},"end":{"line":24,"column":null}},"5":{"start":{"line":26,"column":12},"end":{"line":26,"column":null}},"6":{"start":{"line":31,"column":25},"end":{"line":34,"column":null}},"7":{"start":{"line":32,"column":8},"end":{"line":32,"column":null}},"8":{"start":{"line":33,"column":8},"end":{"line":33,"column":null}},"9":{"start":{"line":37,"column":4},"end":{"line":46,"column":null}},"10":{"start":{"line":38,"column":8},"end":{"line":44,"column":null}},"11":{"start":{"line":49,"column":4},"end":{"line":70,"column":null}},"12":{"start":{"line":50,"column":8},"end":{"line":68,"column":null}},"13":{"start":{"line":73,"column":4},"end":{"line":105,"column":null}},"14":{"start":{"line":74,"column":8},"end":{"line":103,"column":null}},"15":{"start":{"line":108,"column":4},"end":{"line":143,"column":null}}},"fnMap":{"0":{"name":"AdminAuth","decl":{"start":{"line":17,"column":16},"end":{"line":17,"column":28}},"loc":{"start":{"line":17,"column":28},"end":{"line":145,"column":null}},"line":17},"1":{"name":"(anonymous_1)","decl":{"start":{"line":22,"column":24},"end":{"line":22,"column":36}},"loc":{"start":{"line":22,"column":36},"end":{"line":28,"column":null}},"line":22},"2":{"name":"(anonymous_2)","decl":{"start":{"line":31,"column":25},"end":{"line":31,"column":37}},"loc":{"start":{"line":31,"column":37},"end":{"line":34,"column":null}},"line":31}},"branchMap":{"0":{"loc":{"start":{"line":37,"column":4},"end":{"line":46,"column":null}},"type":"if","locations":[{"start":{"line":37,"column":4},"end":{"line":46,"column":null}},{"start":{},"end":{}}],"line":37},"1":{"loc":{"start":{"line":49,"column":4},"end":{"line":70,"column":null}},"type":"if","locations":[{"start":{"line":49,"column":4},"end":{"line":70,"column":null}},{"start":{},"end":{}}],"line":49},"2":{"loc":{"start":{"line":49,"column":8},"end":{"line":49,"column":25}},"type":"binary-expr","locations":[{"start":{"line":49,"column":8},"end":{"line":49,"column":16}},{"start":{"line":49,"column":16},"end":{"line":49,"column":25}}],"line":49},"3":{"loc":{"start":{"line":55,"column":30},"end":{"line":55,"column":null}},"type":"binary-expr","locations":[{"start":{"line":55,"column":30},"end":{"line":55,"column":50}},{"start":{"line":55,"column":50},"end":{"line":55,"column":null}}],"line":55},"4":{"loc":{"start":{"line":73,"column":4},"end":{"line":105,"column":null}},"type":"if","locations":[{"start":{"line":73,"column":4},"end":{"line":105,"column":null}},{"start":{},"end":{}}],"line":73},"5":{"loc":{"start":{"line":73,"column":8},"end":{"line":73,"column":26}},"type":"binary-expr","locations":[{"start":{"line":73,"column":8},"end":{"line":73,"column":16}},{"start":{"line":73,"column":16},"end":{"line":73,"column":26}}],"line":73}},"s":{"0":7,"1":7,"2":7,"3":1,"4":1,"5":0,"6":7,"7":2,"8":2,"9":7,"10":1,"11":6,"12":2,"13":4,"14":2,"15":2},"f":{"0":7,"1":1,"2":2},"b":{"0":[1,6],"1":[2,4],"2":[6,4],"3":[2,1],"4":[2,2],"5":[4,2]},"meta":{"lastBranch":6,"lastFunction":3,"lastStatement":16,"seen":{"f:17:16:17:28":0,"s:18:51:18:Infinity":0,"s:19:24:19:Infinity":1,"s:22:24:28:Infinity":2,"f:22:24:22:36":1,"s:23:8:27:Infinity":3,"s:24:12:24:Infinity":4,"s:26:12:26:Infinity":5,"s:31:25:34:Infinity":6,"f:31:25:31:37":2,"s:32:8:32:Infinity":7,"s:33:8:33:Infinity":8,"b:37:4:46:Infinity:undefined:undefined:undefined:undefined":0,"s:37:4:46:Infinity":9,"s:38:8:44:Infinity":10,"b:49:4:70:Infinity:undefined:undefined:undefined:undefined":1,"s:49:4:70:Infinity":11,"b:49:8:49:16:49:16:49:25":2,"s:50:8:68:Infinity":12,"b:55:30:55:50:55:50:55:Infinity":3,"b:73:4:105:Infinity:undefined:undefined:undefined:undefined":4,"s:73:4:105:Infinity":13,"b:73:8:73:16:73:16:73:26":5,"s:74:8:103:Infinity":14,"s:108:4:143:Infinity":15}}}
,"H:\\Akai\\client\\src\\components\\ReviewForm.tsx": {"path":"H:\\Akai\\client\\src\\components\\ReviewForm.tsx","statementMap":{"0":{"start":{"line":23,"column":64},"end":{"line":23,"column":null}},"1":{"start":{"line":24,"column":18},"end":{"line":24,"column":null}},"2":{"start":{"line":25,"column":10},"end":{"line":25,"column":null}},"3":{"start":{"line":27,"column":28},"end":{"line":27,"column":null}},"4":{"start":{"line":28,"column":30},"end":{"line":28,"column":null}},"5":{"start":{"line":29,"column":36},"end":{"line":29,"column":null}},"6":{"start":{"line":32,"column":57},"end":{"line":36,"column":null}},"7":{"start":{"line":34,"column":17},"end":{"line":34,"column":null}},"8":{"start":{"line":38,"column":25},"end":{"line":100,"column":null}},"9":{"start":{"line":39,"column":8},"end":{"line":39,"column":null}},"10":{"start":{"line":41,"column":8},"end":{"line":48,"column":null}},"11":{"start":{"line":42,"column":12},"end":{"line":46,"column":null}},"12":{"start":{"line":47,"column":12},"end":{"line":47,"column":null}},"13":{"start":{"line":50,"column":8},"end":{"line":57,"column":null}},"14":{"start":{"line":51,"column":12},"end":{"line":55,"column":null}},"15":{"start":{"line":56,"column":12},"end":{"line":56,"column":null}},"16":{"start":{"line":59,"column":8},"end":{"line":66,"column":null}},"17":{"start":{"line":60,"column":12},"end":{"line":64,"column":null}},"18":{"start":{"line":65,"column":12},"end":{"line":65,"column":null}},"19":{"start":{"line":68,"column":8},"end":{"line":68,"column":null}},"20":{"start":{"line":69,"column":8},"end":{"line":99,"column":null}},"21":{"start":{"line":70,"column":29},"end":{"line":70,"column":null}},"22":{"start":{"line":72,"column":12},"end":{"line":90,"column":null}},"23":{"start":{"line":73,"column":16},"end":{"line":76,"column":null}},"24":{"start":{"line":79,"column":16},"end":{"line":79,"column":null}},"25":{"start":{"line":80,"column":16},"end":{"line":80,"column":null}},"26":{"start":{"line":83,"column":16},"end":{"line":83,"column":null}},"27":{"start":{"line":84,"column":16},"end":{"line":84,"column":null}},"28":{"start":{"line":85,"column":16},"end":{"line":85,"column":null}},"29":{"start":{"line":87,"column":16},"end":{"line":87,"column":null}},"30":{"start":{"line":89,"column":16},"end":{"line":89,"column":null}},"31":{"start":{"line":92,"column":12},"end":{"line":96,"column":null}},"32":{"start":{"line":98,"column":12},"end":{"line":98,"column":null}},"33":{"start":{"line":103,"column":4},"end":{"line":117,"column":null}},"34":{"start":{"line":104,"column":8},"end":{"line":115,"column":null}},"35":{"start":{"line":120,"column":4},"end":{"line":129,"column":null}},"36":{"start":{"line":121,"column":8},"end":{"line":127,"column":null}},"37":{"start":{"line":131,"column":4},"end":{"line":182,"column":null}},"38":{"start":{"line":157,"column":45},"end":{"line":157,"column":null}}},"fnMap":{"0":{"name":"ReviewForm","decl":{"start":{"line":22,"column":16},"end":{"line":22,"column":27}},"loc":{"start":{"line":22,"column":75},"end":{"line":184,"column":null}},"line":22},"1":{"name":"(anonymous_1)","decl":{"start":{"line":34,"column":17},"end":{"line":34,"column":23}},"loc":{"start":{"line":34,"column":17},"end":{"line":34,"column":null}},"line":34},"2":{"name":"(anonymous_2)","decl":{"start":{"line":38,"column":25},"end":{"line":38,"column":32}},"loc":{"start":{"line":38,"column":55},"end":{"line":100,"column":null}},"line":38},"3":{"name":"(anonymous_3)","decl":{"start":{"line":157,"column":38},"end":{"line":157,"column":39}},"loc":{"start":{"line":157,"column":45},"end":{"line":157,"column":null}},"line":157}},"branchMap":{"0":{"loc":{"start":{"line":41,"column":8},"end":{"line":48,"column":null}},"type":"if","locations":[{"start":{"line":41,"column":8},"end":{"line":48,"column":null}},{"start":{},"end":{}}],"line":41},"1":{"loc":{"start":{"line":50,"column":8},"end":{"line":57,"column":null}},"type":"if","locations":[{"start":{"line":50,"column":8},"end":{"line":57,"column":null}},{"start":{},"end":{}}],"line":50},"2":{"loc":{"start":{"line":59,"column":8},"end":{"line":66,"column":null}},"type":"if","locations":[{"start":{"line":59,"column":8},"end":{"line":66,"column":null}},{"start":{},"end":{}}],"line":59},"3":{"loc":{"start":{"line":72,"column":12},"end":{"line":90,"column":null}},"type":"if","locations":[{"start":{"line":72,"column":12},"end":{"line":90,"column":null}},{"start":{"line":88,"column":19},"end":{"line":90,"column":null}}],"line":72},"4":{"loc":{"start":{"line":103,"column":4},"end":{"line":117,"column":null}},"type":"if","locations":[{"start":{"line":103,"column":4},"end":{"line":117,"column":null}},{"start":{},"end":{}}],"line":103},"5":{"loc":{"start":{"line":120,"column":4},"end":{"line":129,"column":null}},"type":"if","locations":[{"start":{"line":120,"column":4},"end":{"line":129,"column":null}},{"start":{},"end":{}}],"line":120},"6":{"loc":{"start":{"line":120,"column":8},"end":{"line":120,"column":40}},"type":"binary-expr","locations":[{"start":{"line":120,"column":8},"end":{"line":120,"column":23}},{"start":{"line":120,"column":23},"end":{"line":120,"column":40}}],"line":120},"7":{"loc":{"start":{"line":170,"column":34},"end":{"line":170,"column":null}},"type":"binary-expr","locations":[{"start":{"line":170,"column":34},"end":{"line":170,"column":48}},{"start":{"line":170,"column":48},"end":{"line":170,"column":64}},{"start":{"line":170,"column":64},"end":{"line":170,"column":null}}],"line":170},"8":{"loc":{"start":{"line":173,"column":25},"end":{"line":176,"column":null}},"type":"cond-expr","locations":[{"start":{"line":174,"column":28},"end":{"line":174,"column":null}},{"start":{"line":176,"column":28},"end":{"line":176,"column":null}}],"line":173}},"s":{"0":6,"1":6,"2":6,"3":6,"4":6,"5":6,"6":6,"7":6,"8":6,"9":0,"10":0,"11":0,"12":0,"13":0,"14":0,"15":0,"16":0,"17":0,"18":0,"19":0,"20":0,"21":0,"22":0,"23":0,"24":0,"25":0,"26":0,"27":0,"28":0,"29":0,"30":0,"31":0,"32":0,"33":6,"34":0,"35":6,"36":0,"37":6,"38":0},"f":{"0":6,"1":6,"2":0,"3":0},"b":{"0":[0,0],"1":[0,0],"2":[0,0],"3":[0,0],"4":[0,6],"5":[0,6],"6":[6,0],"7":[6,6,0],"8":[0,6]},"meta":{"lastBranch":9,"lastFunction":4,"lastStatement":39,"seen":{"f:22:16:22:27":0,"s:23:64:23:Infinity":0,"s:24:18:24:Infinity":1,"s:25:10:25:Infinity":2,"s:27:28:27:Infinity":3,"s:28:30:28:Infinity":4,"s:29:36:29:Infinity":5,"s:32:57:36:Infinity":6,"f:34:17:34:23":1,"s:34:17:34:Infinity":7,"s:38:25:100:Infinity":8,"f:38:25:38:32":2,"s:39:8:39:Infinity":9,"b:41:8:48:Infinity:undefined:undefined:undefined:undefined":0,"s:41:8:48:Infinity":10,"s:42:12:46:Infinity":11,"s:47:12:47:Infinity":12,"b:50:8:57:Infinity:undefined:undefined:undefined:undefined":1,"s:50:8:57:Infinity":13,"s:51:12:55:Infinity":14,"s:56:12:56:Infinity":15,"b:59:8:66:Infinity:undefined:undefined:undefined:undefined":2,"s:59:8:66:Infinity":16,"s:60:12:64:Infinity":17,"s:65:12:65:Infinity":18,"s:68:8:68:Infinity":19,"s:69:8:99:Infinity":20,"s:70:29:70:Infinity":21,"b:72:12:90:Infinity:88:19:90:Infinity":3,"s:72:12:90:Infinity":22,"s:73:16:76:Infinity":23,"s:79:16:79:Infinity":24,"s:80:16:80:Infinity":25,"s:83:16:83:Infinity":26,"s:84:16:84:Infinity":27,"s:85:16:85:Infinity":28,"s:87:16:87:Infinity":29,"s:89:16:89:Infinity":30,"s:92:12:96:Infinity":31,"s:98:12:98:Infinity":32,"b:103:4:117:Infinity:undefined:undefined:undefined:undefined":4,"s:103:4:117:Infinity":33,"s:104:8:115:Infinity":34,"b:120:4:129:Infinity:undefined:undefined:undefined:undefined":5,"s:120:4:129:Infinity":35,"b:120:8:120:23:120:23:120:40":6,"s:121:8:127:Infinity":36,"s:131:4:182:Infinity":37,"f:157:38:157:39":3,"s:157:45:157:Infinity":38,"b:170:34:170:48:170:48:170:64:170:64:170:Infinity":7,"b:174:28:174:Infinity:176:28:176:Infinity":8}}}
,"H:\\Akai\\client\\src\\components\\StarRating.tsx": {"path":"H:\\Akai\\client\\src\\components\\StarRating.tsx","statementMap":{"0":{"start":{"line":18,"column":20},"end":{"line":22,"column":null}},"1":{"start":{"line":31,"column":38},"end":{"line":31,"column":null}},"2":{"start":{"line":33,"column":29},"end":{"line":37,"column":null}},"3":{"start":{"line":34,"column":8},"end":{"line":36,"column":null}},"4":{"start":{"line":35,"column":12},"end":{"line":35,"column":null}},"5":{"start":{"line":39,"column":29},"end":{"line":41,"column":null}},"6":{"start":{"line":40,"column":8},"end":{"line":40,"column":null}},"7":{"start":{"line":43,"column":24},"end":{"line":47,"column":null}},"8":{"start":{"line":44,"column":8},"end":{"line":46,"column":null}},"9":{"start":{"line":45,"column":12},"end":{"line":45,"column":null}},"10":{"start":{"line":49,"column":26},"end":{"line":49,"column":null}},"11":{"start":{"line":51,"column":4},"end":{"line":88,"column":null}},"12":{"start":{"line":58,"column":20},"end":{"line":80,"column":null}},"13":{"start":{"line":62,"column":39},"end":{"line":62,"column":null}},"14":{"start":{"line":63,"column":44},"end":{"line":63,"column":null}}},"fnMap":{"0":{"name":"StarRating","decl":{"start":{"line":24,"column":16},"end":{"line":24,"column":27}},"loc":{"start":{"line":30,"column":20},"end":{"line":90,"column":null}},"line":30},"1":{"name":"(anonymous_1)","decl":{"start":{"line":33,"column":29},"end":{"line":33,"column":30}},"loc":{"start":{"line":33,"column":47},"end":{"line":37,"column":null}},"line":33},"2":{"name":"(anonymous_2)","decl":{"start":{"line":39,"column":29},"end":{"line":39,"column":35}},"loc":{"start":{"line":39,"column":35},"end":{"line":41,"column":null}},"line":39},"3":{"name":"(anonymous_3)","decl":{"start":{"line":43,"column":24},"end":{"line":43,"column":25}},"loc":{"start":{"line":43,"column":42},"end":{"line":47,"column":null}},"line":43},"4":{"name":"(anonymous_4)","decl":{"start":{"line":57,"column":37},"end":{"line":57,"column":38}},"loc":{"start":{"line":58,"column":20},"end":{"line":80,"column":null}},"line":58},"5":{"name":"(anonymous_5)","decl":{"start":{"line":62,"column":33},"end":{"line":62,"column":39}},"loc":{"start":{"line":62,"column":39},"end":{"line":62,"column":null}},"line":62},"6":{"name":"(anonymous_6)","decl":{"start":{"line":63,"column":38},"end":{"line":63,"column":44}},"loc":{"start":{"line":63,"column":44},"end":{"line":63,"column":null}},"line":63}},"branchMap":{"0":{"loc":{"start":{"line":27,"column":4},"end":{"line":27,"column":null}},"type":"default-arg","locations":[{"start":{"line":27,"column":15},"end":{"line":27,"column":null}}],"line":27},"1":{"loc":{"start":{"line":28,"column":4},"end":{"line":28,"column":null}},"type":"default-arg","locations":[{"start":{"line":28,"column":11},"end":{"line":28,"column":null}}],"line":28},"2":{"loc":{"start":{"line":29,"column":4},"end":{"line":29,"column":null}},"type":"default-arg","locations":[{"start":{"line":29,"column":16},"end":{"line":29,"column":null}}],"line":29},"3":{"loc":{"start":{"line":34,"column":8},"end":{"line":36,"column":null}},"type":"if","locations":[{"start":{"line":34,"column":8},"end":{"line":36,"column":null}},{"start":{},"end":{}}],"line":34},"4":{"loc":{"start":{"line":44,"column":8},"end":{"line":46,"column":null}},"type":"if","locations":[{"start":{"line":44,"column":8},"end":{"line":46,"column":null}},{"start":{},"end":{}}],"line":44},"5":{"loc":{"start":{"line":44,"column":12},"end":{"line":44,"column":35}},"type":"binary-expr","locations":[{"start":{"line":44,"column":12},"end":{"line":44,"column":25}},{"start":{"line":44,"column":25},"end":{"line":44,"column":35}}],"line":44},"6":{"loc":{"start":{"line":49,"column":26},"end":{"line":49,"column":null}},"type":"binary-expr","locations":[{"start":{"line":49,"column":26},"end":{"line":49,"column":41}},{"start":{"line":49,"column":41},"end":{"line":49,"column":null}}],"line":49},"7":{"loc":{"start":{"line":66,"column":28},"end":{"line":66,"column":null}},"type":"binary-expr","locations":[{"start":{"line":66,"column":28},"end":{"line":66,"column":41}},{"start":{"line":66,"column":41},"end":{"line":66,"column":null}}],"line":66},"8":{"loc":{"start":{"line":67,"column":28},"end":{"line":67,"column":null}},"type":"binary-expr","locations":[{"start":{"line":67,"column":28},"end":{"line":67,"column":40}},{"start":{"line":67,"column":40},"end":{"line":67,"column":null}}],"line":67},"9":{"loc":{"start":{"line":75,"column":32},"end":{"line":77,"column":null}},"type":"cond-expr","locations":[{"start":{"line":76,"column":38},"end":{"line":76,"column":null}},{"start":{"line":77,"column":38},"end":{"line":77,"column":null}}],"line":75},"10":{"loc":{"start":{"line":83,"column":13},"end":{"line":86,"column":null}},"type":"binary-expr","locations":[{"start":{"line":83,"column":13},"end":{"line":83,"column":null}},{"start":{"line":84,"column":16},"end":{"line":86,"column":null}}],"line":83}},"s":{"0":1,"1":6,"2":6,"3":0,"4":0,"5":6,"6":0,"7":6,"8":0,"9":0,"10":6,"11":6,"12":30,"13":0,"14":0},"f":{"0":6,"1":0,"2":0,"3":0,"4":30,"5":0,"6":0},"b":{"0":[6],"1":[6],"2":[6],"3":[0,0],"4":[0,0],"5":[0,0],"6":[6,6],"7":[30,30],"8":[30,0],"9":[0,30],"10":[6,0]},"meta":{"lastBranch":11,"lastFunction":7,"lastStatement":15,"seen":{"s:18:20:22:Infinity":0,"f:24:16:24:27":0,"b:27:15:27:Infinity":0,"b:28:11:28:Infinity":1,"b:29:16:29:Infinity":2,"s:31:38:31:Infinity":1,"s:33:29:37:Infinity":2,"f:33:29:33:30":1,"b:34:8:36:Infinity:undefined:undefined:undefined:undefined":3,"s:34:8:36:Infinity":3,"s:35:12:35:Infinity":4,"s:39:29:41:Infinity":5,"f:39:29:39:35":2,"s:40:8:40:Infinity":6,"s:43:24:47:Infinity":7,"f:43:24:43:25":3,"b:44:8:46:Infinity:undefined:undefined:undefined:undefined":4,"s:44:8:46:Infinity":8,"b:44:12:44:25:44:25:44:35":5,"s:45:12:45:Infinity":9,"s:49:26:49:Infinity":10,"b:49:26:49:41:49:41:49:Infinity":6,"s:51:4:88:Infinity":11,"f:57:37:57:38":4,"s:58:20:80:Infinity":12,"f:62:33:62:39":5,"s:62:39:62:Infinity":13,"f:63:38:63:44":6,"s:63:44:63:Infinity":14,"b:66:28:66:41:66:41:66:Infinity":7,"b:67:28:67:40:67:40:67:Infinity":8,"b:76:38:76:Infinity:77:38:77:Infinity":9,"b:83:13:83:Infinity:84:16:86:Infinity":10}}}
,"H:\\Akai\\client\\src\\components\\ToolCard.tsx": {"path":"H:\\Akai\\client\\src\\components\\ToolCard.tsx","statementMap":{"0":{"start":{"line":27,"column":23},"end":{"line":84,"column":null}},"1":{"start":{"line":87,"column":24},"end":{"line":100,"column":null}},"2":{"start":{"line":103,"column":25},"end":{"line":111,"column":null}},"3":{"start":{"line":104,"column":13},"end":{"line":104,"column":null}},"4":{"start":{"line":105,"column":2},"end":{"line":109,"column":null}},"5":{"start":{"line":105,"column":15},"end":{"line":105,"column":18}},"6":{"start":{"line":106,"column":17},"end":{"line":106,"column":null}},"7":{"start":{"line":107,"column":4},"end":{"line":107,"column":null}},"8":{"start":{"line":108,"column":4},"end":{"line":108,"column":null}},"9":{"start":{"line":110,"column":2},"end":{"line":110,"column":null}},"10":{"start":{"line":114,"column":21},"end":{"line":117,"column":null}},"11":{"start":{"line":115,"column":16},"end":{"line":115,"column":null}},"12":{"start":{"line":116,"column":2},"end":{"line":116,"column":null}},"13":{"start":{"line":128,"column":8},"end":{"line":128,"column":null}},"14":{"start":{"line":129,"column":22},"end":{"line":129,"column":null}},"15":{"start":{"line":130,"column":15},"end":{"line":130,"column":null}},"16":{"start":{"line":131,"column":16},"end":{"line":131,"column":null}},"17":{"start":{"line":132,"column":18},"end":{"line":132,"column":null}},"18":{"start":{"line":133,"column":17},"end":{"line":133,"column":null}},"19":{"start":{"line":136,"column":27},"end":{"line":144,"column":null}},"20":{"start":{"line":139,"column":6},"end":{"line":141,"column":null}},"21":{"start":{"line":140,"column":8},"end":{"line":140,"column":null}},"22":{"start":{"line":140,"column":40},"end":{"line":140,"column":63}},"23":{"start":{"line":142,"column":6},"end":{"line":142,"column":null}},"24":{"start":{"line":147,"column":25},"end":{"line":147,"column":null}},"25":{"start":{"line":150,"column":8},"end":{"line":167,"column":null}},"26":{"start":{"line":152,"column":6},"end":{"line":152,"column":null}},"27":{"start":{"line":155,"column":6},"end":{"line":158,"column":null}},"28":{"start":{"line":159,"column":6},"end":{"line":162,"column":null}},"29":{"start":{"line":165,"column":6},"end":{"line":165,"column":null}},"30":{"start":{"line":171,"column":22},"end":{"line":204,"column":null}},"31":{"start":{"line":172,"column":4},"end":{"line":203,"column":null}},"32":{"start":{"line":174,"column":6},"end":{"line":198,"column":null}},"33":{"start":{"line":176,"column":8},"end":{"line":176,"column":null}},"34":{"start":{"line":178,"column":8},"end":{"line":178,"column":null}},"35":{"start":{"line":181,"column":26},"end":{"line":181,"column":null}},"36":{"start":{"line":182,"column":8},"end":{"line":184,"column":null}},"37":{"start":{"line":183,"column":10},"end":{"line":183,"column":null}},"38":{"start":{"line":186,"column":8},"end":{"line":197,"column":null}},"39":{"start":{"line":188,"column":12},"end":{"line":193,"column":null}},"40":{"start":{"line":189,"column":14},"end":{"line":192,"column":null}},"41":{"start":{"line":189,"column":35},"end":{"line":192,"column":16}},"42":{"start":{"line":196,"column":12},"end":{"line":196,"column":null}},"43":{"start":{"line":200,"column":6},"end":{"line":200,"column":null}},"44":{"start":{"line":202,"column":6},"end":{"line":202,"column":null}},"45":{"start":{"line":207,"column":2},"end":{"line":461,"column":null}},"46":{"start":{"line":276,"column":30},"end":{"line":276,"column":null}},"47":{"start":{"line":277,"column":30},"end":{"line":277,"column":null}},"48":{"start":{"line":303,"column":44},"end":{"line":303,"column":null}},"49":{"start":{"line":360,"column":42},"end":{"line":360,"column":null}},"50":{"start":{"line":361,"column":24},"end":{"line":378,"column":null}},"51":{"start":{"line":414,"column":30},"end":{"line":414,"column":null}},"52":{"start":{"line":439,"column":22},"end":{"line":439,"column":null}},"53":{"start":{"line":440,"column":22},"end":{"line":440,"column":null}}},"fnMap":{"0":{"name":"(anonymous_0)","decl":{"start":{"line":103,"column":25},"end":{"line":103,"column":26}},"loc":{"start":{"line":103,"column":50},"end":{"line":111,"column":null}},"line":103},"1":{"name":"(anonymous_1)","decl":{"start":{"line":114,"column":21},"end":{"line":114,"column":22}},"loc":{"start":{"line":114,"column":38},"end":{"line":117,"column":null}},"line":114},"2":{"name":"ToolCard","decl":{"start":{"line":127,"column":16},"end":{"line":127,"column":25}},"loc":{"start":{"line":127,"column":133},"end":{"line":463,"column":null}},"line":127},"3":{"name":"(anonymous_3)","decl":{"start":{"line":138,"column":12},"end":{"line":138,"column":13}},"loc":{"start":{"line":138,"column":31},"end":{"line":143,"column":null}},"line":138},"4":{"name":"(anonymous_4)","decl":{"start":{"line":140,"column":25},"end":{"line":140,"column":26}},"loc":{"start":{"line":140,"column":40},"end":{"line":140,"column":63}},"line":140},"5":{"name":"(anonymous_5)","decl":{"start":{"line":151,"column":16},"end":{"line":151,"column":28}},"loc":{"start":{"line":151,"column":28},"end":{"line":153,"column":null}},"line":151},"6":{"name":"(anonymous_6)","decl":{"start":{"line":154,"column":15},"end":{"line":154,"column":16}},"loc":{"start":{"line":154,"column":25},"end":{"line":163,"column":null}},"line":154},"7":{"name":"(anonymous_7)","decl":{"start":{"line":164,"column":13},"end":{"line":164,"column":14}},"loc":{"start":{"line":164,"column":24},"end":{"line":166,"column":null}},"line":164},"8":{"name":"(anonymous_8)","decl":{"start":{"line":171,"column":22},"end":{"line":171,"column":28}},"loc":{"start":{"line":171,"column":28},"end":{"line":204,"column":null}},"line":171},"9":{"name":"(anonymous_9)","decl":{"start":{"line":187,"column":16},"end":{"line":187,"column":26}},"loc":{"start":{"line":187,"column":26},"end":{"line":194,"column":11}},"line":187},"10":{"name":"(anonymous_10)","decl":{"start":{"line":189,"column":22},"end":{"line":189,"column":35}},"loc":{"start":{"line":189,"column":35},"end":{"line":192,"column":16}},"line":189},"11":{"name":"(anonymous_11)","decl":{"start":{"line":195,"column":17},"end":{"line":195,"column":26}},"loc":{"start":{"line":195,"column":26},"end":{"line":197,"column":11}},"line":195},"12":{"name":"(anonymous_12)","decl":{"start":{"line":275,"column":37},"end":{"line":275,"column":38}},"loc":{"start":{"line":275,"column":44},"end":{"line":278,"column":null}},"line":275},"13":{"name":"(anonymous_13)","decl":{"start":{"line":303,"column":37},"end":{"line":303,"column":38}},"loc":{"start":{"line":303,"column":44},"end":{"line":303,"column":null}},"line":303},"14":{"name":"(anonymous_14)","decl":{"start":{"line":359,"column":49},"end":{"line":359,"column":50}},"loc":{"start":{"line":359,"column":65},"end":{"line":380,"column":23}},"line":359},"15":{"name":"(anonymous_15)","decl":{"start":{"line":413,"column":37},"end":{"line":413,"column":38}},"loc":{"start":{"line":413,"column":44},"end":{"line":415,"column":null}},"line":413},"16":{"name":"(anonymous_16)","decl":{"start":{"line":438,"column":29},"end":{"line":438,"column":30}},"loc":{"start":{"line":438,"column":36},"end":{"line":441,"column":null}},"line":438}},"branchMap":{"0":{"loc":{"start":{"line":127,"column":46},"end":{"line":127,"column":65}},"type":"default-arg","locations":[{"start":{"line":127,"column":58},"end":{"line":127,"column":65}}],"line":127},"1":{"loc":{"start":{"line":127,"column":65},"end":{"line":127,"column":85}},"type":"default-arg","locations":[{"start":{"line":127,"column":78},"end":{"line":127,"column":85}}],"line":127},"2":{"loc":{"start":{"line":139,"column":6},"end":{"line":141,"column":null}},"type":"if","locations":[{"start":{"line":139,"column":6},"end":{"line":141,"column":null}},{"start":{},"end":{}}],"line":139},"3":{"loc":{"start":{"line":174,"column":6},"end":{"line":198,"column":null}},"type":"if","locations":[{"start":{"line":174,"column":6},"end":{"line":198,"column":null}},{"start":{"line":179,"column":13},"end":{"line":198,"column":null}}],"line":174},"4":{"loc":{"start":{"line":182,"column":8},"end":{"line":184,"column":null}},"type":"if","locations":[{"start":{"line":182,"column":8},"end":{"line":184,"column":null}},{"start":{},"end":{}}],"line":182},"5":{"loc":{"start":{"line":188,"column":12},"end":{"line":193,"column":null}},"type":"if","locations":[{"start":{"line":188,"column":12},"end":{"line":193,"column":null}},{"start":{},"end":{}}],"line":188},"6":{"loc":{"start":{"line":228,"column":12},"end":{"line":228,"column":null}},"type":"binary-expr","locations":[{"start":{"line":228,"column":12},"end":{"line":228,"column":26}},{"start":{"line":228,"column":26},"end":{"line":228,"column":null}}],"line":228},"7":{"loc":{"start":{"line":231,"column":20},"end":{"line":231,"column":null}},"type":"cond-expr","locations":[{"start":{"line":231,"column":32},"end":{"line":231,"column":37}},{"start":{"line":231,"column":37},"end":{"line":231,"column":null}}],"line":231},"8":{"loc":{"start":{"line":232,"column":16},"end":{"line":232,"column":null}},"type":"cond-expr","locations":[{"start":{"line":232,"column":28},"end":{"line":232,"column":45}},{"start":{"line":232,"column":45},"end":{"line":232,"column":null}}],"line":232},"9":{"loc":{"start":{"line":233,"column":22},"end":{"line":233,"column":null}},"type":"cond-expr","locations":[{"start":{"line":233,"column":34},"end":{"line":233,"column":46}},{"start":{"line":233,"column":46},"end":{"line":233,"column":null}}],"line":233},"10":{"loc":{"start":{"line":238,"column":15},"end":{"line":251,"column":null}},"type":"cond-expr","locations":[{"start":{"line":239,"column":16},"end":{"line":239,"column":null}},{"start":{"line":241,"column":16},"end":{"line":251,"column":null}}],"line":238},"11":{"loc":{"start":{"line":250,"column":19},"end":{"line":250,"column":null}},"type":"binary-expr","locations":[{"start":{"line":250,"column":19},"end":{"line":250,"column":27}},{"start":{"line":250,"column":27},"end":{"line":250,"column":null}}],"line":250},"12":{"loc":{"start":{"line":255,"column":17},"end":{"line":325,"column":null}},"type":"cond-expr","locations":[{"start":{"line":256,"column":18},"end":{"line":259,"column":null}},{"start":{"line":261,"column":18},"end":{"line":325,"column":null}}],"line":255},"13":{"loc":{"start":{"line":263,"column":21},"end":{"line":292,"column":null}},"type":"binary-expr","locations":[{"start":{"line":263,"column":21},"end":{"line":263,"column":null}},{"start":{"line":264,"column":22},"end":{"line":292,"column":null}}],"line":263},"14":{"loc":{"start":{"line":267,"column":37},"end":{"line":267,"column":null}},"type":"cond-expr","locations":[{"start":{"line":267,"column":50},"end":{"line":267,"column":62}},{"start":{"line":267,"column":62},"end":{"line":267,"column":null}}],"line":267},"15":{"loc":{"start":{"line":271,"column":30},"end":{"line":273,"column":null}},"type":"cond-expr","locations":[{"start":{"line":272,"column":34},"end":{"line":272,"column":null}},{"start":{"line":273,"column":34},"end":{"line":273,"column":null}}],"line":271},"16":{"loc":{"start":{"line":279,"column":40},"end":{"line":279,"column":null}},"type":"cond-expr","locations":[{"start":{"line":279,"column":53},"end":{"line":279,"column":62}},{"start":{"line":279,"column":62},"end":{"line":279,"column":null}}],"line":279},"17":{"loc":{"start":{"line":284,"column":32},"end":{"line":284,"column":null}},"type":"cond-expr","locations":[{"start":{"line":284,"column":45},"end":{"line":284,"column":71}},{"start":{"line":284,"column":71},"end":{"line":284,"column":null}}],"line":284},"18":{"loc":{"start":{"line":290,"column":30},"end":{"line":290,"column":59}},"type":"cond-expr","locations":[{"start":{"line":290,"column":43},"end":{"line":290,"column":52}},{"start":{"line":290,"column":52},"end":{"line":290,"column":59}}],"line":290},"19":{"loc":{"start":{"line":332,"column":15},"end":{"line":388,"column":null}},"type":"cond-expr","locations":[{"start":{"line":333,"column":16},"end":{"line":337,"column":null}},{"start":{"line":339,"column":16},"end":{"line":388,"column":null}}],"line":332},"20":{"loc":{"start":{"line":357,"column":19},"end":{"line":386,"column":null}},"type":"binary-expr","locations":[{"start":{"line":357,"column":19},"end":{"line":357,"column":32}},{"start":{"line":357,"column":32},"end":{"line":357,"column":null}},{"start":{"line":358,"column":20},"end":{"line":386,"column":null}}],"line":357},"21":{"loc":{"start":{"line":381,"column":23},"end":{"line":384,"column":null}},"type":"binary-expr","locations":[{"start":{"line":381,"column":23},"end":{"line":381,"column":null}},{"start":{"line":382,"column":24},"end":{"line":384,"column":null}}],"line":381},"22":{"loc":{"start":{"line":392,"column":15},"end":{"line":421,"column":null}},"type":"binary-expr","locations":[{"start":{"line":392,"column":15},"end":{"line":392,"column":null}},{"start":{"line":393,"column":16},"end":{"line":421,"column":null}}],"line":392},"23":{"loc":{"start":{"line":395,"column":21},"end":{"line":418,"column":null}},"type":"cond-expr","locations":[{"start":{"line":396,"column":22},"end":{"line":396,"column":null}},{"start":{"line":398,"column":22},"end":{"line":418,"column":null}}],"line":395},"24":{"loc":{"start":{"line":409,"column":63},"end":{"line":409,"column":140}},"type":"cond-expr","locations":[{"start":{"line":409,"column":98},"end":{"line":409,"column":125}},{"start":{"line":409,"column":125},"end":{"line":409,"column":140}}],"line":409},"25":{"loc":{"start":{"line":425,"column":15},"end":{"line":455,"column":null}},"type":"binary-expr","locations":[{"start":{"line":425,"column":15},"end":{"line":425,"column":null}},{"start":{"line":426,"column":16},"end":{"line":455,"column":null}}],"line":425},"26":{"loc":{"start":{"line":445,"column":18},"end":{"line":453,"column":null}},"type":"binary-expr","locations":[{"start":{"line":448,"column":20},"end":{"line":448,"column":34}},{"start":{"line":448,"column":34},"end":{"line":448,"column":null}},{"start":{"line":449,"column":20},"end":{"line":453,"column":null}}],"line":445},"27":{"loc":{"start":{"line":451,"column":53},"end":{"line":451,"column":102}},"type":"binary-expr","locations":[{"start":{"line":451,"column":53},"end":{"line":451,"column":73}},{"start":{"line":451,"column":73},"end":{"line":451,"column":100}},{"start":{"line":451,"column":100},"end":{"line":451,"column":102}}],"line":451}},"s":{"0":1,"1":1,"2":1,"3":27,"4":27,"5":27,"6":54,"7":54,"8":54,"9":27,"10":1,"11":27,"12":27,"13":10,"14":10,"15":10,"16":10,"17":10,"18":10,"19":10,"20":0,"21":0,"22":0,"23":0,"24":10,"25":10,"26":0,"27":0,"28":0,"29":0,"30":10,"31":0,"32":0,"33":0,"34":0,"35":0,"36":0,"37":0,"38":0,"39":0,"40":0,"41":0,"42":0,"43":0,"44":0,"45":10,"46":0,"47":0,"48":0,"49":27,"50":27,"51":0,"52":0,"53":0},"f":{"0":27,"1":27,"2":10,"3":0,"4":0,"5":0,"6":0,"7":0,"8":0,"9":0,"10":0,"11":0,"12":0,"13":0,"14":27,"15":0,"16":0},"b":{"0":[10],"1":[10],"2":[0,0],"3":[0,0],"4":[0,0],"5":[0,0],"6":[10,0],"7":[0,10],"8":[0,10],"9":[0,10],"10":[0,10],"11":[10,10],"12":[0,10],"13":[10,0],"14":[0,0],"15":[0,0],"16":[0,0],"17":[0,0],"18":[0,0],"19":[0,10],"20":[10,9,9],"21":[9,0],"22":[10,9],"23":[0,9],"24":[9,0],"25":[10,10],"26":[10,10,0],"27":[0,0,0]},"meta":{"lastBranch":28,"lastFunction":17,"lastStatement":54,"seen":{"s:27:23:84:Infinity":0,"s:87:24:100:Infinity":1,"s:103:25:111:Infinity":2,"f:103:25:103:26":0,"s:104:13:104:Infinity":3,"s:105:2:109:Infinity":4,"s:105:15:105:18":5,"s:106:17:106:Infinity":6,"s:107:4:107:Infinity":7,"s:108:4:108:Infinity":8,"s:110:2:110:Infinity":9,"s:114:21:117:Infinity":10,"f:114:21:114:22":1,"s:115:16:115:Infinity":11,"s:116:2:116:Infinity":12,"f:127:16:127:25":2,"b:127:58:127:65":0,"b:127:78:127:85":1,"s:128:8:128:Infinity":13,"s:129:22:129:Infinity":14,"s:130:15:130:Infinity":15,"s:131:16:131:Infinity":16,"s:132:18:132:Infinity":17,"s:133:17:133:Infinity":18,"s:136:27:144:Infinity":19,"f:138:12:138:13":3,"b:139:6:141:Infinity:undefined:undefined:undefined:undefined":2,"s:139:6:141:Infinity":20,"s:140:8:140:Infinity":21,"f:140:25:140:26":4,"s:140:40:140:63":22,"s:142:6:142:Infinity":23,"s:147:25:147:Infinity":24,"s:150:8:167:Infinity":25,"f:151:16:151:28":5,"s:152:6:152:Infinity":26,"f:154:15:154:16":6,"s:155:6:158:Infinity":27,"s:159:6:162:Infinity":28,"f:164:13:164:14":7,"s:165:6:165:Infinity":29,"s:171:22:204:Infinity":30,"f:171:22:171:28":8,"s:172:4:203:Infinity":31,"b:174:6:198:Infinity:179:13:198:Infinity":3,"s:174:6:198:Infinity":32,"s:176:8:176:Infinity":33,"s:178:8:178:Infinity":34,"s:181:26:181:Infinity":35,"b:182:8:184:Infinity:undefined:undefined:undefined:undefined":4,"s:182:8:184:Infinity":36,"s:183:10:183:Infinity":37,"s:186:8:197:Infinity":38,"f:187:16:187:26":9,"b:188:12:193:Infinity:undefined:undefined:undefined:undefined":5,"s:188:12:193:Infinity":39,"s:189:14:192:Infinity":40,"f:189:22:189:35":10,"s:189:35:192:16":41,"f:195:17:195:26":11,"s:196:12:196:Infinity":42,"s:200:6:200:Infinity":43,"s:202:6:202:Infinity":44,"s:207:2:461:Infinity":45,"b:228:12:228:26:228:26:228:Infinity":6,"b:231:32:231:37:231:37:231:Infinity":7,"b:232:28:232:45:232:45:232:Infinity":8,"b:233:34:233:46:233:46:233:Infinity":9,"b:239:16:239:Infinity:241:16:251:Infinity":10,"b:250:19:250:27:250:27:250:Infinity":11,"b:256:18:259:Infinity:261:18:325:Infinity":12,"b:263:21:263:Infinity:264:22:292:Infinity":13,"b:267:50:267:62:267:62:267:Infinity":14,"b:272:34:272:Infinity:273:34:273:Infinity":15,"f:275:37:275:38":12,"s:276:30:276:Infinity":46,"s:277:30:277:Infinity":47,"b:279:53:279:62:279:62:279:Infinity":16,"b:284:45:284:71:284:71:284:Infinity":17,"b:290:43:290:52:290:52:290:59":18,"f:303:37:303:38":13,"s:303:44:303:Infinity":48,"b:333:16:337:Infinity:339:16:388:Infinity":19,"b:357:19:357:32:357:32:357:Infinity:358:20:386:Infinity":20,"f:359:49:359:50":14,"s:360:42:360:Infinity":49,"s:361:24:378:Infinity":50,"b:381:23:381:Infinity:382:24:384:Infinity":21,"b:392:15:392:Infinity:393:16:421:Infinity":22,"b:396:22:396:Infinity:398:22:418:Infinity":23,"b:409:98:409:125:409:125:409:140":24,"f:413:37:413:38":15,"s:414:30:414:Infinity":51,"b:425:15:425:Infinity:426:16:455:Infinity":25,"f:438:29:438:30":16,"s:439:22:439:Infinity":52,"s:440:22:440:Infinity":53,"b:448:20:448:34:448:34:448:Infinity:449:20:453:Infinity":26,"b:451:53:451:73:451:73:451:100:451:100:451:102":27}}}
,"H:\\Akai\\client\\src\\components\\ui\\aspect-ratio.tsx": {"path":"H:\\Akai\\client\\src\\components\\ui\\aspect-ratio.tsx","statementMap":{"0":{"start":{"line":3,"column":20},"end":{"line":3,"column":null}}},"fnMap":{},"branchMap":{},"s":{"0":1},"f":{},"b":{},"meta":{"lastBranch":0,"lastFunction":0,"lastStatement":1,"seen":{"s:3:20:3:Infinity":0}}}
,"H:\\Akai\\client\\src\\components\\ui\\badge.tsx": {"path":"H:\\Akai\\client\\src\\components\\ui\\badge.tsx","statementMap":{"0":{"start":{"line":6,"column":6},"end":{"line":24,"column":null}},"1":{"start":{"line":30,"column":14},"end":{"line":32,"column":null}},"2":{"start":{"line":31,"column":2},"end":{"line":31,"column":null}},"3":{"start":{"line":33,"column":0},"end":{"line":33,"column":null}}},"fnMap":{"0":{"name":"(anonymous_0)","decl":{"start":{"line":30,"column":59},"end":{"line":30,"column":60}},"loc":{"start":{"line":31,"column":2},"end":{"line":31,"column":null}},"line":31}},"branchMap":{},"s":{"0":1,"1":1,"2":10,"3":1},"f":{"0":10},"b":{},"meta":{"lastBranch":0,"lastFunction":1,"lastStatement":4,"seen":{"s:6:6:24:Infinity":0,"s:30:14:32:Infinity":1,"f:30:59:30:60":0,"s:31:2:31:Infinity":2,"s:33:0:33:Infinity":3}}}
,"H:\\Akai\\client\\src\\components\\ui\\button.tsx": {"path":"H:\\Akai\\client\\src\\components\\ui\\button.tsx","statementMap":{"0":{"start":{"line":7,"column":6},"end":{"line":34,"column":null}},"1":{"start":{"line":42,"column":15},"end":{"line":53,"column":null}},"2":{"start":{"line":44,"column":17},"end":{"line":44,"column":null}},"3":{"start":{"line":45,"column":4},"end":{"line":50,"column":null}},"4":{"start":{"line":54,"column":0},"end":{"line":54,"column":null}}},"fnMap":{"0":{"name":"(anonymous_0)","decl":{"start":{"line":43,"column":2},"end":{"line":43,"column":3}},"loc":{"start":{"line":43,"column":68},"end":{"line":52,"column":null}},"line":43}},"branchMap":{"0":{"loc":{"start":{"line":43,"column":31},"end":{"line":43,"column":48}},"type":"default-arg","locations":[{"start":{"line":43,"column":41},"end":{"line":43,"column":48}}],"line":43},"1":{"loc":{"start":{"line":44,"column":17},"end":{"line":44,"column":null}},"type":"cond-expr","locations":[{"start":{"line":44,"column":27},"end":{"line":44,"column":34}},{"start":{"line":44,"column":34},"end":{"line":44,"column":null}}],"line":44}},"s":{"0":3,"1":3,"2":32,"3":32,"4":3},"f":{"0":32},"b":{"0":[32],"1":[0,32]},"meta":{"lastBranch":2,"lastFunction":1,"lastStatement":5,"seen":{"s:7:6:34:Infinity":0,"s:42:15:53:Infinity":1,"f:43:2:43:3":0,"b:43:41:43:48":0,"s:44:17:44:Infinity":2,"b:44:27:44:34:44:34:44:Infinity":1,"s:45:4:50:Infinity":3,"s:54:0:54:Infinity":4}}}
,"H:\\Akai\\client\\src\\components\\ui\\card.tsx": {"path":"H:\\Akai\\client\\src\\components\\ui\\card.tsx","statementMap":{"0":{"start":{"line":5,"column":13},"end":{"line":17,"column":null}},"1":{"start":{"line":9,"column":2},"end":{"line":16,"column":null}},"2":{"start":{"line":18,"column":0},"end":{"line":18,"column":null}},"3":{"start":{"line":20,"column":19},"end":{"line":29,"column":null}},"4":{"start":{"line":24,"column":2},"end":{"line":28,"column":null}},"5":{"start":{"line":30,"column":0},"end":{"line":30,"column":null}},"6":{"start":{"line":32,"column":18},"end":{"line":44,"column":null}},"7":{"start":{"line":36,"column":2},"end":{"line":43,"column":null}},"8":{"start":{"line":45,"column":0},"end":{"line":45,"column":null}},"9":{"start":{"line":47,"column":24},"end":{"line":56,"column":null}},"10":{"start":{"line":51,"column":2},"end":{"line":55,"column":null}},"11":{"start":{"line":57,"column":0},"end":{"line":57,"column":null}},"12":{"start":{"line":59,"column":20},"end":{"line":64,"column":null}},"13":{"start":{"line":63,"column":2},"end":{"line":63,"column":null}},"14":{"start":{"line":65,"column":0},"end":{"line":65,"column":null}},"15":{"start":{"line":67,"column":19},"end":{"line":76,"column":null}},"16":{"start":{"line":71,"column":2},"end":{"line":75,"column":null}},"17":{"start":{"line":77,"column":0},"end":{"line":77,"column":null}}},"fnMap":{"0":{"name":"(anonymous_0)","decl":{"start":{"line":8,"column":2},"end":{"line":8,"column":3}},"loc":{"start":{"line":9,"column":2},"end":{"line":16,"column":null}},"line":9},"1":{"name":"(anonymous_1)","decl":{"start":{"line":23,"column":2},"end":{"line":23,"column":3}},"loc":{"start":{"line":24,"column":2},"end":{"line":28,"column":null}},"line":24},"2":{"name":"(anonymous_2)","decl":{"start":{"line":35,"column":2},"end":{"line":35,"column":3}},"loc":{"start":{"line":36,"column":2},"end":{"line":43,"column":null}},"line":36},"3":{"name":"(anonymous_3)","decl":{"start":{"line":50,"column":2},"end":{"line":50,"column":3}},"loc":{"start":{"line":51,"column":2},"end":{"line":55,"column":null}},"line":51},"4":{"name":"(anonymous_4)","decl":{"start":{"line":62,"column":2},"end":{"line":62,"column":3}},"loc":{"start":{"line":63,"column":2},"end":{"line":63,"column":null}},"line":63},"5":{"name":"(anonymous_5)","decl":{"start":{"line":70,"column":2},"end":{"line":70,"column":3}},"loc":{"start":{"line":71,"column":2},"end":{"line":75,"column":null}},"line":71}},"branchMap":{},"s":{"0":3,"1":20,"2":3,"3":3,"4":10,"5":3,"6":3,"7":20,"8":3,"9":3,"10":14,"11":3,"12":3,"13":20,"14":3,"15":3,"16":0,"17":3},"f":{"0":20,"1":10,"2":20,"3":14,"4":20,"5":0},"b":{},"meta":{"lastBranch":0,"lastFunction":6,"lastStatement":18,"seen":{"s:5:13:17:Infinity":0,"f:8:2:8:3":0,"s:9:2:16:Infinity":1,"s:18:0:18:Infinity":2,"s:20:19:29:Infinity":3,"f:23:2:23:3":1,"s:24:2:28:Infinity":4,"s:30:0:30:Infinity":5,"s:32:18:44:Infinity":6,"f:35:2:35:3":2,"s:36:2:43:Infinity":7,"s:45:0:45:Infinity":8,"s:47:24:56:Infinity":9,"f:50:2:50:3":3,"s:51:2:55:Infinity":10,"s:57:0:57:Infinity":11,"s:59:20:64:Infinity":12,"f:62:2:62:3":4,"s:63:2:63:Infinity":13,"s:65:0:65:Infinity":14,"s:67:19:76:Infinity":15,"f:70:2:70:3":5,"s:71:2:75:Infinity":16,"s:77:0:77:Infinity":17}}}
,"H:\\Akai\\client\\src\\components\\ui\\skeleton.tsx": {"path":"H:\\Akai\\client\\src\\components\\ui\\skeleton.tsx","statementMap":{"0":{"start":{"line":7,"column":2},"end":{"line":11,"column":null}}},"fnMap":{"0":{"name":"Skeleton","decl":{"start":{"line":3,"column":9},"end":{"line":3,"column":18}},"loc":{"start":{"line":6,"column":41},"end":{"line":13,"column":null}},"line":6}},"branchMap":{},"s":{"0":0},"f":{"0":0},"b":{},"meta":{"lastBranch":0,"lastFunction":1,"lastStatement":1,"seen":{"f:3:9:3:18":0,"s:7:2:11:Infinity":0}}}
,"H:\\Akai\\client\\src\\components\\ui\\textarea.tsx": {"path":"H:\\Akai\\client\\src\\components\\ui\\textarea.tsx","statementMap":{"0":{"start":{"line":8,"column":17},"end":{"line":21,"column":null}},"1":{"start":{"line":10,"column":4},"end":{"line":18,"column":null}},"2":{"start":{"line":22,"column":0},"end":{"line":22,"column":null}}},"fnMap":{"0":{"name":"(anonymous_0)","decl":{"start":{"line":9,"column":2},"end":{"line":9,"column":3}},"loc":{"start":{"line":9,"column":36},"end":{"line":20,"column":null}},"line":9}},"branchMap":{},"s":{"0":1,"1":6,"2":1},"f":{"0":6},"b":{},"meta":{"lastBranch":0,"lastFunction":1,"lastStatement":3,"seen":{"s:8:17:21:Infinity":0,"f:9:2:9:3":0,"s:10:4:18:Infinity":1,"s:22:0:22:Infinity":2}}}
,"H:\\Akai\\client\\src\\components\\ui\\tooltip.tsx": {"path":"H:\\Akai\\client\\src\\components\\ui\\tooltip.tsx","statementMap":{"0":{"start":{"line":6,"column":24},"end":{"line":6,"column":null}},"1":{"start":{"line":8,"column":16},"end":{"line":8,"column":null}},"2":{"start":{"line":10,"column":23},"end":{"line":10,"column":null}},"3":{"start":{"line":12,"column":23},"end":{"line":25,"column":null}},"4":{"start":{"line":16,"column":2},"end":{"line":24,"column":null}},"5":{"start":{"line":26,"column":0},"end":{"line":26,"column":null}}},"fnMap":{"0":{"name":"(anonymous_0)","decl":{"start":{"line":15,"column":2},"end":{"line":15,"column":3}},"loc":{"start":{"line":16,"column":2},"end":{"line":24,"column":null}},"line":16}},"branchMap":{"0":{"loc":{"start":{"line":15,"column":16},"end":{"line":15,"column":32}},"type":"default-arg","locations":[{"start":{"line":15,"column":29},"end":{"line":15,"column":32}}],"line":15}},"s":{"0":1,"1":1,"2":1,"3":1,"4":10,"5":1},"f":{"0":10},"b":{"0":[10]},"meta":{"lastBranch":1,"lastFunction":1,"lastStatement":6,"seen":{"s:6:24:6:Infinity":0,"s:8:16:8:Infinity":1,"s:10:23:10:Infinity":2,"s:12:23:25:Infinity":3,"f:15:2:15:3":0,"s:16:2:24:Infinity":4,"b:15:29:15:32":0,"s:26:0:26:Infinity":5}}}
,"H:\\Akai\\client\\src\\hooks\\use-toast.ts": {"path":"H:\\Akai\\client\\src\\hooks\\use-toast.ts","statementMap":{"0":{"start":{"line":8,"column":20},"end":{"line":8,"column":null}},"1":{"start":{"line":9,"column":27},"end":{"line":9,"column":null}},"2":{"start":{"line":18,"column":20},"end":{"line":23,"column":null}},"3":{"start":{"line":25,"column":12},"end":{"line":25,"column":null}},"4":{"start":{"line":28,"column":2},"end":{"line":28,"column":null}},"5":{"start":{"line":29,"column":2},"end":{"line":29,"column":null}},"6":{"start":{"line":56,"column":22},"end":{"line":56,"column":null}},"7":{"start":{"line":58,"column":25},"end":{"line":72,"column":null}},"8":{"start":{"line":59,"column":2},"end":{"line":61,"column":null}},"9":{"start":{"line":60,"column":4},"end":{"line":60,"column":null}},"10":{"start":{"line":63,"column":18},"end":{"line":69,"column":null}},"11":{"start":{"line":64,"column":4},"end":{"line":64,"column":null}},"12":{"start":{"line":65,"column":4},"end":{"line":68,"column":null}},"13":{"start":{"line":71,"column":2},"end":{"line":71,"column":null}},"14":{"start":{"line":74,"column":23},"end":{"line":127,"column":null}},"15":{"start":{"line":75,"column":2},"end":{"line":126,"column":null}},"16":{"start":{"line":77,"column":6},"end":{"line":80,"column":null}},"17":{"start":{"line":83,"column":6},"end":{"line":88,"column":null}},"18":{"start":{"line":86,"column":10},"end":{"line":86,"column":null}},"19":{"start":{"line":91,"column":26},"end":{"line":91,"column":null}},"20":{"start":{"line":95,"column":6},"end":{"line":101,"column":null}},"21":{"start":{"line":96,"column":8},"end":{"line":96,"column":null}},"22":{"start":{"line":98,"column":8},"end":{"line":100,"column":null}},"23":{"start":{"line":99,"column":10},"end":{"line":99,"column":null}},"24":{"start":{"line":103,"column":6},"end":{"line":113,"column":null}},"25":{"start":{"line":106,"column":10},"end":{"line":111,"column":null}},"26":{"start":{"line":116,"column":6},"end":{"line":121,"column":null}},"27":{"start":{"line":117,"column":8},"end":{"line":120,"column":null}},"28":{"start":{"line":122,"column":6},"end":{"line":125,"column":null}},"29":{"start":{"line":124,"column":43},"end":{"line":124,"column":66}},"30":{"start":{"line":129,"column":49},"end":{"line":129,"column":null}},"31":{"start":{"line":131,"column":25},"end":{"line":131,"column":null}},"32":{"start":{"line":134,"column":2},"end":{"line":134,"column":null}},"33":{"start":{"line":135,"column":2},"end":{"line":137,"column":null}},"34":{"start":{"line":136,"column":4},"end":{"line":136,"column":null}},"35":{"start":{"line":143,"column":13},"end":{"line":143,"column":null}},"36":{"start":{"line":145,"column":17},"end":{"line":149,"column":null}},"37":{"start":{"line":146,"column":4},"end":{"line":149,"column":null}},"38":{"start":{"line":150,"column":18},"end":{"line":150,"column":null}},"39":{"start":{"line":150,"column":24},"end":{"line":150,"column":null}},"40":{"start":{"line":152,"column":2},"end":{"line":162,"column":null}},"41":{"start":{"line":159,"column":8},"end":{"line":159,"column":null}},"42":{"start":{"line":159,"column":19},"end":{"line":159,"column":null}},"43":{"start":{"line":164,"column":2},"end":{"line":168,"column":null}},"44":{"start":{"line":172,"column":28},"end":{"line":172,"column":null}},"45":{"start":{"line":174,"column":2},"end":{"line":182,"column":null}},"46":{"start":{"line":175,"column":4},"end":{"line":175,"column":null}},"47":{"start":{"line":176,"column":4},"end":{"line":181,"column":null}},"48":{"start":{"line":177,"column":20},"end":{"line":177,"column":null}},"49":{"start":{"line":178,"column":6},"end":{"line":180,"column":null}},"50":{"start":{"line":179,"column":8},"end":{"line":179,"column":null}},"51":{"start":{"line":184,"column":2},"end":{"line":188,"column":null}},"52":{"start":{"line":187,"column":35},"end":{"line":187,"column":null}}},"fnMap":{"0":{"name":"genId","decl":{"start":{"line":27,"column":9},"end":{"line":27,"column":17}},"loc":{"start":{"line":27,"column":17},"end":{"line":30,"column":null}},"line":27},"1":{"name":"(anonymous_1)","decl":{"start":{"line":58,"column":25},"end":{"line":58,"column":26}},"loc":{"start":{"line":58,"column":46},"end":{"line":72,"column":null}},"line":58},"2":{"name":"(anonymous_2)","decl":{"start":{"line":63,"column":29},"end":{"line":63,"column":35}},"loc":{"start":{"line":63,"column":35},"end":{"line":69,"column":5}},"line":63},"3":{"name":"(anonymous_3)","decl":{"start":{"line":74,"column":23},"end":{"line":74,"column":24}},"loc":{"start":{"line":74,"column":64},"end":{"line":127,"column":null}},"line":74},"4":{"name":"(anonymous_4)","decl":{"start":{"line":85,"column":33},"end":{"line":85,"column":34}},"loc":{"start":{"line":86,"column":10},"end":{"line":86,"column":null}},"line":86},"5":{"name":"(anonymous_5)","decl":{"start":{"line":98,"column":29},"end":{"line":98,"column":30}},"loc":{"start":{"line":98,"column":40},"end":{"line":100,"column":9}},"line":98},"6":{"name":"(anonymous_6)","decl":{"start":{"line":105,"column":33},"end":{"line":105,"column":34}},"loc":{"start":{"line":106,"column":10},"end":{"line":111,"column":null}},"line":106},"7":{"name":"(anonymous_7)","decl":{"start":{"line":124,"column":36},"end":{"line":124,"column":37}},"loc":{"start":{"line":124,"column":43},"end":{"line":124,"column":66}},"line":124},"8":{"name":"dispatch","decl":{"start":{"line":133,"column":9},"end":{"line":133,"column":18}},"loc":{"start":{"line":133,"column":34},"end":{"line":138,"column":null}},"line":133},"9":{"name":"(anonymous_9)","decl":{"start":{"line":135,"column":20},"end":{"line":135,"column":21}},"loc":{"start":{"line":135,"column":34},"end":{"line":137,"column":3}},"line":135},"10":{"name":"toast","decl":{"start":{"line":142,"column":9},"end":{"line":142,"column":15}},"loc":{"start":{"line":142,"column":36},"end":{"line":169,"column":null}},"line":142},"11":{"name":"(anonymous_11)","decl":{"start":{"line":145,"column":17},"end":{"line":145,"column":18}},"loc":{"start":{"line":146,"column":4},"end":{"line":149,"column":null}},"line":146},"12":{"name":"(anonymous_12)","decl":{"start":{"line":150,"column":18},"end":{"line":150,"column":24}},"loc":{"start":{"line":150,"column":24},"end":{"line":150,"column":null}},"line":150},"13":{"name":"(anonymous_13)","decl":{"start":{"line":158,"column":20},"end":{"line":158,"column":21}},"loc":{"start":{"line":158,"column":30},"end":{"line":160,"column":null}},"line":158},"14":{"name":"useToast","decl":{"start":{"line":171,"column":9},"end":{"line":171,"column":20}},"loc":{"start":{"line":171,"column":20},"end":{"line":189,"column":null}},"line":171},"15":{"name":"(anonymous_15)","decl":{"start":{"line":174,"column":18},"end":{"line":174,"column":24}},"loc":{"start":{"line":174,"column":24},"end":{"line":182,"column":5}},"line":174},"16":{"name":"(anonymous_16)","decl":{"start":{"line":176,"column":11},"end":{"line":176,"column":17}},"loc":{"start":{"line":176,"column":17},"end":{"line":181,"column":null}},"line":176},"17":{"name":"(anonymous_17)","decl":{"start":{"line":187,"column":13},"end":{"line":187,"column":14}},"loc":{"start":{"line":187,"column":35},"end":{"line":187,"column":null}},"line":187}},"branchMap":{"0":{"loc":{"start":{"line":59,"column":2},"end":{"line":61,"column":null}},"type":"if","locations":[{"start":{"line":59,"column":2},"end":{"line":61,"column":null}},{"start":{},"end":{}}],"line":59},"1":{"loc":{"start":{"line":75,"column":2},"end":{"line":126,"column":null}},"type":"switch","locations":[{"start":{"line":76,"column":4},"end":{"line":80,"column":null}},{"start":{"line":82,"column":4},"end":{"line":88,"column":null}},{"start":{"line":90,"column":4},"end":{"line":114,"column":null}},{"start":{"line":115,"column":4},"end":{"line":125,"column":null}}],"line":75},"2":{"loc":{"start":{"line":86,"column":10},"end":{"line":86,"column":null}},"type":"cond-expr","locations":[{"start":{"line":86,"column":37},"end":{"line":86,"column":65}},{"start":{"line":86,"column":65},"end":{"line":86,"column":null}}],"line":86},"3":{"loc":{"start":{"line":95,"column":6},"end":{"line":101,"column":null}},"type":"if","locations":[{"start":{"line":95,"column":6},"end":{"line":101,"column":null}},{"start":{"line":97,"column":13},"end":{"line":101,"column":null}}],"line":95},"4":{"loc":{"start":{"line":106,"column":10},"end":{"line":111,"column":null}},"type":"cond-expr","locations":[{"start":{"line":107,"column":14},"end":{"line":110,"column":null}},{"start":{"line":111,"column":14},"end":{"line":111,"column":null}}],"line":106},"5":{"loc":{"start":{"line":106,"column":10},"end":{"line":106,"column":null}},"type":"binary-expr","locations":[{"start":{"line":106,"column":10},"end":{"line":106,"column":30}},{"start":{"line":106,"column":30},"end":{"line":106,"column":null}}],"line":106},"6":{"loc":{"start":{"line":116,"column":6},"end":{"line":121,"column":null}},"type":"if","locations":[{"start":{"line":116,"column":6},"end":{"line":121,"column":null}},{"start":{},"end":{}}],"line":116},"7":{"loc":{"start":{"line":159,"column":8},"end":{"line":159,"column":null}},"type":"if","locations":[{"start":{"line":159,"column":8},"end":{"line":159,"column":null}},{"start":{},"end":{}}],"line":159},"8":{"loc":{"start":{"line":178,"column":6},"end":{"line":180,"column":null}},"type":"if","locations":[{"start":{"line":178,"column":6},"end":{"line":180,"column":null}},{"start":{},"end":{}}],"line":178}},"s":{"0":2,"1":2,"2":2,"3":2,"4":0,"5":0,"6":2,"7":2,"8":0,"9":0,"10":0,"11":0,"12":0,"13":0,"14":2,"15":0,"16":0,"17":0,"18":0,"19":0,"20":0,"21":0,"22":0,"23":0,"24":0,"25":0,"26":0,"27":0,"28":0,"29":0,"30":2,"31":2,"32":0,"33":0,"34":0,"35":0,"36":0,"37":0,"38":0,"39":0,"40":0,"41":0,"42":0,"43":0,"44":10,"45":10,"46":10,"47":10,"48":10,"49":10,"50":10,"51":10,"52":0},"f":{"0":0,"1":0,"2":0,"3":0,"4":0,"5":0,"6":0,"7":0,"8":0,"9":0,"10":0,"11":0,"12":0,"13":0,"14":10,"15":10,"16":10,"17":0},"b":{"0":[0,0],"1":[0,0,0,0],"2":[0,0],"3":[0,0],"4":[0,0],"5":[0,0],"6":[0,0],"7":[0,0],"8":[10,0]},"meta":{"lastBranch":9,"lastFunction":18,"lastStatement":53,"seen":{"s:8:20:8:Infinity":0,"s:9:27:9:Infinity":1,"s:18:20:23:Infinity":2,"s:25:12:25:Infinity":3,"f:27:9:27:17":0,"s:28:2:28:Infinity":4,"s:29:2:29:Infinity":5,"s:56:22:56:Infinity":6,"s:58:25:72:Infinity":7,"f:58:25:58:26":1,"b:59:2:61:Infinity:undefined:undefined:undefined:undefined":0,"s:59:2:61:Infinity":8,"s:60:4:60:Infinity":9,"s:63:18:69:Infinity":10,"f:63:29:63:35":2,"s:64:4:64:Infinity":11,"s:65:4:68:Infinity":12,"s:71:2:71:Infinity":13,"s:74:23:127:Infinity":14,"f:74:23:74:24":3,"b:76:4:80:Infinity:82:4:88:Infinity:90:4:114:Infinity:115:4:125:Infinity":1,"s:75:2:126:Infinity":15,"s:77:6:80:Infinity":16,"s:83:6:88:Infinity":17,"f:85:33:85:34":4,"s:86:10:86:Infinity":18,"b:86:37:86:65:86:65:86:Infinity":2,"s:91:26:91:Infinity":19,"b:95:6:101:Infinity:97:13:101:Infinity":3,"s:95:6:101:Infinity":20,"s:96:8:96:Infinity":21,"s:98:8:100:Infinity":22,"f:98:29:98:30":5,"s:99:10:99:Infinity":23,"s:103:6:113:Infinity":24,"f:105:33:105:34":6,"s:106:10:111:Infinity":25,"b:107:14:110:Infinity:111:14:111:Infinity":4,"b:106:10:106:30:106:30:106:Infinity":5,"b:116:6:121:Infinity:undefined:undefined:undefined:undefined":6,"s:116:6:121:Infinity":26,"s:117:8:120:Infinity":27,"s:122:6:125:Infinity":28,"f:124:36:124:37":7,"s:124:43:124:66":29,"s:129:49:129:Infinity":30,"s:131:25:131:Infinity":31,"f:133:9:133:18":8,"s:134:2:134:Infinity":32,"s:135:2:137:Infinity":33,"f:135:20:135:21":9,"s:136:4:136:Infinity":34,"f:142:9:142:15":10,"s:143:13:143:Infinity":35,"s:145:17:149:Infinity":36,"f:145:17:145:18":11,"s:146:4:149:Infinity":37,"s:150:18:150:Infinity":38,"f:150:18:150:24":12,"s:150:24:150:Infinity":39,"s:152:2:162:Infinity":40,"f:158:20:158:21":13,"b:159:8:159:Infinity:undefined:undefined:undefined:undefined":7,"s:159:8:159:Infinity":41,"s:159:19:159:Infinity":42,"s:164:2:168:Infinity":43,"f:171:9:171:20":14,"s:172:28:172:Infinity":44,"s:174:2:182:Infinity":45,"f:174:18:174:24":15,"s:175:4:175:Infinity":46,"s:176:4:181:Infinity":47,"f:176:11:176:17":16,"s:177:20:177:Infinity":48,"b:178:6:180:Infinity:undefined:undefined:undefined:undefined":8,"s:178:6:180:Infinity":49,"s:179:8:179:Infinity":50,"s:184:2:188:Infinity":51,"f:187:13:187:14":17,"s:187:35:187:Infinity":52}}}
,"H:\\Akai\\client\\src\\hooks\\useAchievements.ts": {"path":"H:\\Akai\\client\\src\\hooks\\useAchievements.ts","statementMap":{"0":{"start":{"line":14,"column":18},"end":{"line":14,"column":null}},"1":{"start":{"line":15,"column":19},"end":{"line":15,"column":null}},"2":{"start":{"line":18,"column":26},"end":{"line":18,"column":null}},"3":{"start":{"line":19,"column":52},"end":{"line":19,"column":null}},"4":{"start":{"line":20,"column":42},"end":{"line":20,"column":null}},"5":{"start":{"line":23,"column":4},"end":{"line":40,"column":null}},"6":{"start":{"line":24,"column":8},"end":{"line":39,"column":null}},"7":{"start":{"line":25,"column":31},"end":{"line":25,"column":null}},"8":{"start":{"line":26,"column":12},"end":{"line":28,"column":null}},"9":{"start":{"line":27,"column":16},"end":{"line":27,"column":null}},"10":{"start":{"line":30,"column":32},"end":{"line":30,"column":null}},"11":{"start":{"line":31,"column":12},"end":{"line":33,"column":null}},"12":{"start":{"line":32,"column":16},"end":{"line":32,"column":null}},"13":{"start":{"line":36,"column":12},"end":{"line":36,"column":null}},"14":{"start":{"line":38,"column":12},"end":{"line":38,"column":null}},"15":{"start":{"line":43,"column":10},"end":{"line":49,"column":null}},"16":{"start":{"line":44,"column":8},"end":{"line":48,"column":null}},"17":{"start":{"line":45,"column":12},"end":{"line":45,"column":null}},"18":{"start":{"line":47,"column":12},"end":{"line":47,"column":null}},"19":{"start":{"line":52,"column":10},"end":{"line":58,"column":null}},"20":{"start":{"line":53,"column":8},"end":{"line":57,"column":null}},"21":{"start":{"line":54,"column":12},"end":{"line":54,"column":null}},"22":{"start":{"line":56,"column":12},"end":{"line":56,"column":null}},"23":{"start":{"line":61,"column":10},"end":{"line":90,"column":null}},"24":{"start":{"line":62,"column":14},"end":{"line":62,"column":null}},"25":{"start":{"line":64,"column":8},"end":{"line":89,"column":null}},"26":{"start":{"line":65,"column":30},"end":{"line":65,"column":null}},"27":{"start":{"line":66,"column":12},"end":{"line":66,"column":null}},"28":{"start":{"line":67,"column":33},"end":{"line":67,"column":null}},"29":{"start":{"line":69,"column":28},"end":{"line":69,"column":null}},"30":{"start":{"line":71,"column":12},"end":{"line":80,"column":null}},"31":{"start":{"line":73,"column":16},"end":{"line":73,"column":null}},"32":{"start":{"line":74,"column":12},"end":{"line":80,"column":null}},"33":{"start":{"line":76,"column":16},"end":{"line":76,"column":null}},"34":{"start":{"line":79,"column":16},"end":{"line":79,"column":null}},"35":{"start":{"line":82,"column":29},"end":{"line":86,"column":null}},"36":{"start":{"line":87,"column":12},"end":{"line":87,"column":null}},"37":{"start":{"line":88,"column":12},"end":{"line":88,"column":null}},"38":{"start":{"line":93,"column":10},"end":{"line":145,"column":null}},"39":{"start":{"line":94,"column":49},"end":{"line":94,"column":null}},"40":{"start":{"line":96,"column":8},"end":{"line":116,"column":null}},"41":{"start":{"line":98,"column":12},"end":{"line":100,"column":null}},"42":{"start":{"line":98,"column":45},"end":{"line":98,"column":68}},"43":{"start":{"line":99,"column":16},"end":{"line":99,"column":null}},"44":{"start":{"line":102,"column":12},"end":{"line":115,"column":null}},"45":{"start":{"line":103,"column":50},"end":{"line":106,"column":null}},"46":{"start":{"line":107,"column":16},"end":{"line":107,"column":null}},"47":{"start":{"line":110,"column":16},"end":{"line":114,"column":null}},"48":{"start":{"line":118,"column":8},"end":{"line":144,"column":null}},"49":{"start":{"line":119,"column":34},"end":{"line":119,"column":null}},"50":{"start":{"line":120,"column":12},"end":{"line":120,"column":null}},"51":{"start":{"line":121,"column":12},"end":{"line":121,"column":null}},"52":{"start":{"line":122,"column":12},"end":{"line":122,"column":null}},"53":{"start":{"line":122,"column":50},"end":{"line":122,"column":54}},"54":{"start":{"line":125,"column":30},"end":{"line":128,"column":null}},"55":{"start":{"line":126,"column":28},"end":{"line":126,"column":null}},"56":{"start":{"line":126,"column":61},"end":{"line":126,"column":74}},"57":{"start":{"line":127,"column":16},"end":{"line":127,"column":null}},"58":{"start":{"line":131,"column":12},"end":{"line":140,"column":null}},"59":{"start":{"line":132,"column":16},"end":{"line":139,"column":null}},"60":{"start":{"line":133,"column":41},"end":{"line":136,"column":null}},"61":{"start":{"line":137,"column":20},"end":{"line":137,"column":null}},"62":{"start":{"line":138,"column":20},"end":{"line":138,"column":null}},"63":{"start":{"line":143,"column":12},"end":{"line":143,"column":null}},"64":{"start":{"line":143,"column":29},"end":{"line":143,"column":51}},"65":{"start":{"line":148,"column":10},"end":{"line":179,"column":null}},"66":{"start":{"line":149,"column":14},"end":{"line":149,"column":null}},"67":{"start":{"line":151,"column":8},"end":{"line":178,"column":null}},"68":{"start":{"line":152,"column":29},"end":{"line":152,"column":null}},"69":{"start":{"line":155,"column":12},"end":{"line":157,"column":null}},"70":{"start":{"line":156,"column":16},"end":{"line":156,"column":null}},"71":{"start":{"line":160,"column":12},"end":{"line":163,"column":null}},"72":{"start":{"line":166,"column":12},"end":{"line":170,"column":null}},"73":{"start":{"line":167,"column":16},"end":{"line":167,"column":null}},"74":{"start":{"line":168,"column":12},"end":{"line":170,"column":null}},"75":{"start":{"line":169,"column":16},"end":{"line":169,"column":null}},"76":{"start":{"line":172,"column":12},"end":{"line":172,"column":null}},"77":{"start":{"line":175,"column":12},"end":{"line":175,"column":null}},"78":{"start":{"line":175,"column":29},"end":{"line":175,"column":67}},"79":{"start":{"line":177,"column":12},"end":{"line":177,"column":null}},"80":{"start":{"line":182,"column":10},"end":{"line":189,"column":null}},"81":{"start":{"line":183,"column":8},"end":{"line":188,"column":null}},"82":{"start":{"line":184,"column":29},"end":{"line":184,"column":null}},"83":{"start":{"line":185,"column":12},"end":{"line":185,"column":null}},"84":{"start":{"line":186,"column":12},"end":{"line":186,"column":null}},"85":{"start":{"line":186,"column":29},"end":{"line":186,"column":67}},"86":{"start":{"line":187,"column":12},"end":{"line":187,"column":null}},"87":{"start":{"line":192,"column":10},"end":{"line":199,"column":null}},"88":{"start":{"line":193,"column":8},"end":{"line":198,"column":null}},"89":{"start":{"line":194,"column":29},"end":{"line":194,"column":null}},"90":{"start":{"line":195,"column":12},"end":{"line":195,"column":null}},"91":{"start":{"line":196,"column":12},"end":{"line":196,"column":null}},"92":{"start":{"line":196,"column":29},"end":{"line":196,"column":67}},"93":{"start":{"line":197,"column":12},"end":{"line":197,"column":null}},"94":{"start":{"line":202,"column":10},"end":{"line":209,"column":null}},"95":{"start":{"line":203,"column":8},"end":{"line":208,"column":null}},"96":{"start":{"line":204,"column":29},"end":{"line":204,"column":null}},"97":{"start":{"line":205,"column":12},"end":{"line":205,"column":null}},"98":{"start":{"line":206,"column":12},"end":{"line":206,"column":null}},"99":{"start":{"line":206,"column":29},"end":{"line":206,"column":67}},"100":{"start":{"line":207,"column":12},"end":{"line":207,"column":null}},"101":{"start":{"line":212,"column":10},"end":{"line":219,"column":null}},"102":{"start":{"line":213,"column":8},"end":{"line":218,"column":null}},"103":{"start":{"line":213,"column":58},"end":{"line":218,"column":10}},"104":{"start":{"line":215,"column":49},"end":{"line":215,"column":72}},"105":{"start":{"line":222,"column":24},"end":{"line":222,"column":null}},"106":{"start":{"line":223,"column":30},"end":{"line":223,"column":null}},"107":{"start":{"line":224,"column":24},"end":{"line":224,"column":null}},"108":{"start":{"line":226,"column":4},"end":{"line":237,"column":null}},"109":{"start":{"line":236,"column":45},"end":{"line":236,"column":null}},"110":{"start":{"line":236,"column":74},"end":{"line":236,"column":85}}},"fnMap":{"0":{"name":"useAchievements","decl":{"start":{"line":17,"column":16},"end":{"line":17,"column":34}},"loc":{"start":{"line":17,"column":34},"end":{"line":238,"column":null}},"line":17},"1":{"name":"(anonymous_1)","decl":{"start":{"line":23,"column":14},"end":{"line":23,"column":20}},"loc":{"start":{"line":23,"column":20},"end":{"line":40,"column":7}},"line":23},"2":{"name":"(anonymous_2)","decl":{"start":{"line":43,"column":34},"end":{"line":43,"column":35}},"loc":{"start":{"line":43,"column":59},"end":{"line":49,"column":7}},"line":43},"3":{"name":"(anonymous_3)","decl":{"start":{"line":52,"column":35},"end":{"line":52,"column":36}},"loc":{"start":{"line":52,"column":71},"end":{"line":58,"column":7}},"line":52},"4":{"name":"(anonymous_4)","decl":{"start":{"line":61,"column":42},"end":{"line":61,"column":48}},"loc":{"start":{"line":61,"column":48},"end":{"line":90,"column":7}},"line":61},"5":{"name":"(anonymous_5)","decl":{"start":{"line":64,"column":17},"end":{"line":64,"column":25}},"loc":{"start":{"line":64,"column":25},"end":{"line":89,"column":9}},"line":64},"6":{"name":"(anonymous_6)","decl":{"start":{"line":93,"column":51},"end":{"line":93,"column":52}},"loc":{"start":{"line":93,"column":80},"end":{"line":145,"column":7}},"line":93},"7":{"name":"(anonymous_7)","decl":{"start":{"line":96,"column":39},"end":{"line":96,"column":54}},"loc":{"start":{"line":96,"column":54},"end":{"line":116,"column":9}},"line":96},"8":{"name":"(anonymous_8)","decl":{"start":{"line":98,"column":40},"end":{"line":98,"column":45}},"loc":{"start":{"line":98,"column":45},"end":{"line":98,"column":68}},"line":98},"9":{"name":"(anonymous_9)","decl":{"start":{"line":122,"column":45},"end":{"line":122,"column":50}},"loc":{"start":{"line":122,"column":50},"end":{"line":122,"column":54}},"line":122},"10":{"name":"(anonymous_10)","decl":{"start":{"line":125,"column":49},"end":{"line":125,"column":50}},"loc":{"start":{"line":125,"column":61},"end":{"line":128,"column":15}},"line":125},"11":{"name":"(anonymous_11)","decl":{"start":{"line":126,"column":56},"end":{"line":126,"column":61}},"loc":{"start":{"line":126,"column":61},"end":{"line":126,"column":74}},"line":126},"12":{"name":"(anonymous_12)","decl":{"start":{"line":132,"column":25},"end":{"line":132,"column":33}},"loc":{"start":{"line":132,"column":33},"end":{"line":139,"column":17}},"line":132},"13":{"name":"(anonymous_13)","decl":{"start":{"line":143,"column":23},"end":{"line":143,"column":29}},"loc":{"start":{"line":143,"column":29},"end":{"line":143,"column":51}},"line":143},"14":{"name":"(anonymous_14)","decl":{"start":{"line":148,"column":39},"end":{"line":148,"column":40}},"loc":{"start":{"line":148,"column":83},"end":{"line":179,"column":7}},"line":148},"15":{"name":"(anonymous_15)","decl":{"start":{"line":151,"column":17},"end":{"line":151,"column":25}},"loc":{"start":{"line":151,"column":25},"end":{"line":178,"column":9}},"line":151},"16":{"name":"(anonymous_16)","decl":{"start":{"line":175,"column":23},"end":{"line":175,"column":29}},"loc":{"start":{"line":175,"column":29},"end":{"line":175,"column":67}},"line":175},"17":{"name":"(anonymous_17)","decl":{"start":{"line":182,"column":45},"end":{"line":182,"column":46}},"loc":{"start":{"line":182,"column":64},"end":{"line":189,"column":7}},"line":182},"18":{"name":"(anonymous_18)","decl":{"start":{"line":183,"column":17},"end":{"line":183,"column":25}},"loc":{"start":{"line":183,"column":25},"end":{"line":188,"column":9}},"line":183},"19":{"name":"(anonymous_19)","decl":{"start":{"line":186,"column":23},"end":{"line":186,"column":29}},"loc":{"start":{"line":186,"column":29},"end":{"line":186,"column":67}},"line":186},"20":{"name":"(anonymous_20)","decl":{"start":{"line":192,"column":43},"end":{"line":192,"column":44}},"loc":{"start":{"line":192,"column":62},"end":{"line":199,"column":7}},"line":192},"21":{"name":"(anonymous_21)","decl":{"start":{"line":193,"column":17},"end":{"line":193,"column":25}},"loc":{"start":{"line":193,"column":25},"end":{"line":198,"column":9}},"line":193},"22":{"name":"(anonymous_22)","decl":{"start":{"line":196,"column":23},"end":{"line":196,"column":29}},"loc":{"start":{"line":196,"column":29},"end":{"line":196,"column":67}},"line":196},"23":{"name":"(anonymous_23)","decl":{"start":{"line":202,"column":46},"end":{"line":202,"column":52}},"loc":{"start":{"line":202,"column":52},"end":{"line":209,"column":7}},"line":202},"24":{"name":"(anonymous_24)","decl":{"start":{"line":203,"column":17},"end":{"line":203,"column":25}},"loc":{"start":{"line":203,"column":25},"end":{"line":208,"column":9}},"line":203},"25":{"name":"(anonymous_25)","decl":{"start":{"line":206,"column":23},"end":{"line":206,"column":29}},"loc":{"start":{"line":206,"column":29},"end":{"line":206,"column":67}},"line":206},"26":{"name":"(anonymous_26)","decl":{"start":{"line":212,"column":43},"end":{"line":212,"column":49}},"loc":{"start":{"line":212,"column":49},"end":{"line":219,"column":7}},"line":212},"27":{"name":"(anonymous_27)","decl":{"start":{"line":213,"column":42},"end":{"line":213,"column":58}},"loc":{"start":{"line":213,"column":58},"end":{"line":218,"column":10}},"line":213},"28":{"name":"(anonymous_28)","decl":{"start":{"line":215,"column":44},"end":{"line":215,"column":49}},"loc":{"start":{"line":215,"column":49},"end":{"line":215,"column":72}},"line":215},"29":{"name":"(anonymous_29)","decl":{"start":{"line":236,"column":29},"end":{"line":236,"column":30}},"loc":{"start":{"line":236,"column":45},"end":{"line":236,"column":null}},"line":236},"30":{"name":"(anonymous_30)","decl":{"start":{"line":236,"column":69},"end":{"line":236,"column":74}},"loc":{"start":{"line":236,"column":74},"end":{"line":236,"column":85}},"line":236}},"branchMap":{"0":{"loc":{"start":{"line":26,"column":12},"end":{"line":28,"column":null}},"type":"if","locations":[{"start":{"line":26,"column":12},"end":{"line":28,"column":null}},{"start":{},"end":{}}],"line":26},"1":{"loc":{"start":{"line":31,"column":12},"end":{"line":33,"column":null}},"type":"if","locations":[{"start":{"line":31,"column":12},"end":{"line":33,"column":null}},{"start":{},"end":{}}],"line":31},"2":{"loc":{"start":{"line":71,"column":12},"end":{"line":80,"column":null}},"type":"if","locations":[{"start":{"line":71,"column":12},"end":{"line":80,"column":null}},{"start":{"line":74,"column":12},"end":{"line":80,"column":null}}],"line":71},"3":{"loc":{"start":{"line":74,"column":12},"end":{"line":80,"column":null}},"type":"if","locations":[{"start":{"line":74,"column":12},"end":{"line":80,"column":null}},{"start":{"line":77,"column":19},"end":{"line":80,"column":null}}],"line":74},"4":{"loc":{"start":{"line":98,"column":12},"end":{"line":100,"column":null}},"type":"if","locations":[{"start":{"line":98,"column":12},"end":{"line":100,"column":null}},{"start":{},"end":{}}],"line":98},"5":{"loc":{"start":{"line":102,"column":12},"end":{"line":115,"column":null}},"type":"if","locations":[{"start":{"line":102,"column":12},"end":{"line":115,"column":null}},{"start":{},"end":{}}],"line":102},"6":{"loc":{"start":{"line":118,"column":8},"end":{"line":144,"column":null}},"type":"if","locations":[{"start":{"line":118,"column":8},"end":{"line":144,"column":null}},{"start":{},"end":{}}],"line":118},"7":{"loc":{"start":{"line":127,"column":30},"end":{"line":127,"column":null}},"type":"binary-expr","locations":[{"start":{"line":127,"column":30},"end":{"line":127,"column":45}},{"start":{"line":127,"column":45},"end":{"line":127,"column":null}}],"line":127},"8":{"loc":{"start":{"line":131,"column":12},"end":{"line":140,"column":null}},"type":"if","locations":[{"start":{"line":131,"column":12},"end":{"line":140,"column":null}},{"start":{},"end":{}}],"line":131},"9":{"loc":{"start":{"line":155,"column":12},"end":{"line":157,"column":null}},"type":"if","locations":[{"start":{"line":155,"column":12},"end":{"line":157,"column":null}},{"start":{},"end":{}}],"line":155},"10":{"loc":{"start":{"line":162,"column":29},"end":{"line":162,"column":70}},"type":"binary-expr","locations":[{"start":{"line":162,"column":29},"end":{"line":162,"column":65}},{"start":{"line":162,"column":65},"end":{"line":162,"column":70}}],"line":162},"11":{"loc":{"start":{"line":166,"column":12},"end":{"line":170,"column":null}},"type":"if","locations":[{"start":{"line":166,"column":12},"end":{"line":170,"column":null}},{"start":{"line":168,"column":12},"end":{"line":170,"column":null}}],"line":166},"12":{"loc":{"start":{"line":166,"column":16},"end":{"line":166,"column":39}},"type":"binary-expr","locations":[{"start":{"line":166,"column":16},"end":{"line":166,"column":29}},{"start":{"line":166,"column":29},"end":{"line":166,"column":39}}],"line":166},"13":{"loc":{"start":{"line":168,"column":12},"end":{"line":170,"column":null}},"type":"if","locations":[{"start":{"line":168,"column":12},"end":{"line":170,"column":null}},{"start":{},"end":{}}],"line":168},"14":{"loc":{"start":{"line":168,"column":23},"end":{"line":168,"column":48}},"type":"binary-expr","locations":[{"start":{"line":168,"column":23},"end":{"line":168,"column":37}},{"start":{"line":168,"column":37},"end":{"line":168,"column":48}}],"line":168}},"s":{"0":2,"1":2,"2":52,"3":52,"4":52,"5":52,"6":20,"7":20,"8":20,"9":2,"10":20,"11":20,"12":0,"13":20,"14":0,"15":52,"16":40,"17":40,"18":0,"19":52,"20":0,"21":0,"22":0,"23":52,"24":20,"25":20,"26":20,"27":20,"28":20,"29":20,"30":20,"31":2,"32":18,"33":0,"34":18,"35":18,"36":18,"37":18,"38":52,"39":0,"40":0,"41":0,"42":0,"43":0,"44":0,"45":0,"46":0,"47":0,"48":0,"49":0,"50":0,"51":0,"52":0,"53":0,"54":0,"55":0,"56":0,"57":0,"58":0,"59":0,"60":0,"61":0,"62":0,"63":0,"64":0,"65":52,"66":16,"67":16,"68":16,"69":16,"70":12,"71":16,"72":16,"73":0,"74":16,"75":0,"76":16,"77":16,"78":0,"79":16,"80":52,"81":2,"82":2,"83":2,"84":2,"85":0,"86":2,"87":52,"88":0,"89":0,"90":0,"91":0,"92":0,"93":0,"94":52,"95":4,"96":4,"97":4,"98":4,"99":0,"100":4,"101":52,"102":52,"103":520,"104":0,"105":52,"106":52,"107":52,"108":52,"109":2,"110":0},"f":{"0":52,"1":20,"2":40,"3":0,"4":20,"5":20,"6":0,"7":0,"8":0,"9":0,"10":0,"11":0,"12":0,"13":0,"14":16,"15":16,"16":0,"17":2,"18":2,"19":0,"20":0,"21":0,"22":0,"23":4,"24":4,"25":0,"26":52,"27":520,"28":0,"29":2,"30":0},"b":{"0":[2,18],"1":[0,20],"2":[2,18],"3":[0,18],"4":[0,0],"5":[0,0],"6":[0,0],"7":[0,0],"8":[0,0],"9":[12,4],"10":[16,10],"11":[0,16],"12":[16,16],"13":[0,16],"14":[16,0]},"meta":{"lastBranch":15,"lastFunction":31,"lastStatement":111,"seen":{"s:14:18:14:Infinity":0,"s:15:19:15:Infinity":1,"f:17:16:17:34":0,"s:18:26:18:Infinity":2,"s:19:52:19:Infinity":3,"s:20:42:20:Infinity":4,"s:23:4:40:Infinity":5,"f:23:14:23:20":1,"s:24:8:39:Infinity":6,"s:25:31:25:Infinity":7,"b:26:12:28:Infinity:undefined:undefined:undefined:undefined":0,"s:26:12:28:Infinity":8,"s:27:16:27:Infinity":9,"s:30:32:30:Infinity":10,"b:31:12:33:Infinity:undefined:undefined:undefined:undefined":1,"s:31:12:33:Infinity":11,"s:32:16:32:Infinity":12,"s:36:12:36:Infinity":13,"s:38:12:38:Infinity":14,"s:43:10:49:Infinity":15,"f:43:34:43:35":2,"s:44:8:48:Infinity":16,"s:45:12:45:Infinity":17,"s:47:12:47:Infinity":18,"s:52:10:58:Infinity":19,"f:52:35:52:36":3,"s:53:8:57:Infinity":20,"s:54:12:54:Infinity":21,"s:56:12:56:Infinity":22,"s:61:10:90:Infinity":23,"f:61:42:61:48":4,"s:62:14:62:Infinity":24,"s:64:8:89:Infinity":25,"f:64:17:64:25":5,"s:65:30:65:Infinity":26,"s:66:12:66:Infinity":27,"s:67:33:67:Infinity":28,"s:69:28:69:Infinity":29,"b:71:12:80:Infinity:74:12:80:Infinity":2,"s:71:12:80:Infinity":30,"s:73:16:73:Infinity":31,"b:74:12:80:Infinity:77:19:80:Infinity":3,"s:74:12:80:Infinity":32,"s:76:16:76:Infinity":33,"s:79:16:79:Infinity":34,"s:82:29:86:Infinity":35,"s:87:12:87:Infinity":36,"s:88:12:88:Infinity":37,"s:93:10:145:Infinity":38,"f:93:51:93:52":6,"s:94:49:94:Infinity":39,"s:96:8:116:Infinity":40,"f:96:39:96:54":7,"b:98:12:100:Infinity:undefined:undefined:undefined:undefined":4,"s:98:12:100:Infinity":41,"f:98:40:98:45":8,"s:98:45:98:68":42,"s:99:16:99:Infinity":43,"b:102:12:115:Infinity:undefined:undefined:undefined:undefined":5,"s:102:12:115:Infinity":44,"s:103:50:106:Infinity":45,"s:107:16:107:Infinity":46,"s:110:16:114:Infinity":47,"b:118:8:144:Infinity:undefined:undefined:undefined:undefined":6,"s:118:8:144:Infinity":48,"s:119:34:119:Infinity":49,"s:120:12:120:Infinity":50,"s:121:12:121:Infinity":51,"s:122:12:122:Infinity":52,"f:122:45:122:50":9,"s:122:50:122:54":53,"s:125:30:128:Infinity":54,"f:125:49:125:50":10,"s:126:28:126:Infinity":55,"f:126:56:126:61":11,"s:126:61:126:74":56,"s:127:16:127:Infinity":57,"b:127:30:127:45:127:45:127:Infinity":7,"b:131:12:140:Infinity:undefined:undefined:undefined:undefined":8,"s:131:12:140:Infinity":58,"s:132:16:139:Infinity":59,"f:132:25:132:33":12,"s:133:41:136:Infinity":60,"s:137:20:137:Infinity":61,"s:138:20:138:Infinity":62,"s:143:12:143:Infinity":63,"f:143:23:143:29":13,"s:143:29:143:51":64,"s:148:10:179:Infinity":65,"f:148:39:148:40":14,"s:149:14:149:Infinity":66,"s:151:8:178:Infinity":67,"f:151:17:151:25":15,"s:152:29:152:Infinity":68,"b:155:12:157:Infinity:undefined:undefined:undefined:undefined":9,"s:155:12:157:Infinity":69,"s:156:16:156:Infinity":70,"s:160:12:163:Infinity":71,"b:162:29:162:65:162:65:162:70":10,"b:166:12:170:Infinity:168:12:170:Infinity":11,"s:166:12:170:Infinity":72,"b:166:16:166:29:166:29:166:39":12,"s:167:16:167:Infinity":73,"b:168:12:170:Infinity:undefined:undefined:undefined:undefined":13,"s:168:12:170:Infinity":74,"b:168:23:168:37:168:37:168:48":14,"s:169:16:169:Infinity":75,"s:172:12:172:Infinity":76,"s:175:12:175:Infinity":77,"f:175:23:175:29":16,"s:175:29:175:67":78,"s:177:12:177:Infinity":79,"s:182:10:189:Infinity":80,"f:182:45:182:46":17,"s:183:8:188:Infinity":81,"f:183:17:183:25":18,"s:184:29:184:Infinity":82,"s:185:12:185:Infinity":83,"s:186:12:186:Infinity":84,"f:186:23:186:29":19,"s:186:29:186:67":85,"s:187:12:187:Infinity":86,"s:192:10:199:Infinity":87,"f:192:43:192:44":20,"s:193:8:198:Infinity":88,"f:193:17:193:25":21,"s:194:29:194:Infinity":89,"s:195:12:195:Infinity":90,"s:196:12:196:Infinity":91,"f:196:23:196:29":22,"s:196:29:196:67":92,"s:197:12:197:Infinity":93,"s:202:10:209:Infinity":94,"f:202:46:202:52":23,"s:203:8:208:Infinity":95,"f:203:17:203:25":24,"s:204:29:204:Infinity":96,"s:205:12:205:Infinity":97,"s:206:12:206:Infinity":98,"f:206:23:206:29":25,"s:206:29:206:67":99,"s:207:12:207:Infinity":100,"s:212:10:219:Infinity":101,"f:212:43:212:49":26,"s:213:8:218:Infinity":102,"f:213:42:213:58":27,"s:213:58:218:10":103,"f:215:44:215:49":28,"s:215:49:215:72":104,"s:222:24:222:Infinity":105,"s:223:30:223:Infinity":106,"s:224:24:224:Infinity":107,"s:226:4:237:Infinity":108,"f:236:29:236:30":29,"s:236:45:236:Infinity":109,"f:236:69:236:74":30,"s:236:74:236:85":110}
[...]
umn":14},"end":{"line":92,"column":15}},"loc":{"start":{"line":92,"column":24},"end":{"line":92,"column":35}},"line":92},"11":{"name":"(anonymous_11)","decl":{"start":{"line":94,"column":13},"end":{"line":94,"column":14}},"loc":{"start":{"line":94,"column":24},"end":{"line":94,"column":27}},"line":94},"12":{"name":"calculateRecommendationScore","decl":{"start":{"line":100,"column":16},"end":{"line":100,"column":null}},"loc":{"start":{"line":105,"column":37},"end":{"line":156,"column":null}},"line":105},"13":{"name":"(anonymous_13)","decl":{"start":{"line":122,"column":55},"end":{"line":122,"column":64}},"loc":{"start":{"line":122,"column":64},"end":{"line":125,"column":5}},"line":122},"14":{"name":"(anonymous_14)","decl":{"start":{"line":123,"column":35},"end":{"line":123,"column":40}},"loc":{"start":{"line":123,"column":40},"end":{"line":123,"column":54}},"line":123},"15":{"name":"generateRecommendations","decl":{"start":{"line":161,"column":16},"end":{"line":161,"column":null}},"loc":{"start":{"line":166,"column":21},"end":{"line":182,"column":null}},"line":166},"16":{"name":"(anonymous_16)","decl":{"start":{"line":168,"column":40},"end":{"line":168,"column":null}},"loc":{"start":{"line":169,"column":8},"end":{"line":169,"column":null}},"line":169},"17":{"name":"(anonymous_17)","decl":{"start":{"line":173,"column":43},"end":{"line":173,"column":51}},"loc":{"start":{"line":173,"column":51},"end":{"line":176,"column":5}},"line":173},"18":{"name":"(anonymous_18)","decl":{"start":{"line":180,"column":14},"end":{"line":180,"column":15}},"loc":{"start":{"line":180,"column":24},"end":{"line":180,"column":41}},"line":180},"19":{"name":"getDefaultRecommendations","decl":{"start":{"line":187,"column":16},"end":{"line":187,"column":null}},"loc":{"start":{"line":191,"column":21},"end":{"line":202,"column":null}},"line":191},"20":{"name":"(anonymous_20)","decl":{"start":{"line":193,"column":34},"end":{"line":193,"column":43}},"loc":{"start":{"line":193,"column":43},"end":{"line":197,"column":6}},"line":193},"21":{"name":"(anonymous_21)","decl":{"start":{"line":200,"column":14},"end":{"line":200,"column":15}},"loc":{"start":{"line":200,"column":24},"end":{"line":200,"column":41}},"line":200}},"branchMap":{"0":{"loc":{"start":{"line":30,"column":4},"end":{"line":30,"column":null}},"type":"if","locations":[{"start":{"line":30,"column":4},"end":{"line":30,"column":null}},{"start":{},"end":{}}],"line":30},"1":{"loc":{"start":{"line":47,"column":4},"end":{"line":49,"column":null}},"type":"if","locations":[{"start":{"line":47,"column":4},"end":{"line":49,"column":null}},{"start":{},"end":{}}],"line":47},"2":{"loc":{"start":{"line":47,"column":8},"end":{"line":47,"column":69}},"type":"binary-expr","locations":[{"start":{"line":47,"column":8},"end":{"line":47,"column":21}},{"start":{"line":47,"column":21},"end":{"line":47,"column":46}},{"start":{"line":47,"column":46},"end":{"line":47,"column":69}}],"line":47},"3":{"loc":{"start":{"line":64,"column":4},"end":{"line":64,"column":null}},"type":"if","locations":[{"start":{"line":64,"column":4},"end":{"line":64,"column":null}},{"start":{},"end":{}}],"line":64},"4":{"loc":{"start":{"line":83,"column":8},"end":{"line":87,"column":null}},"type":"if","locations":[{"start":{"line":83,"column":8},"end":{"line":87,"column":null}},{"start":{},"end":{}}],"line":83},"5":{"loc":{"start":{"line":85,"column":48},"end":{"line":85,"column":85}},"type":"binary-expr","locations":[{"start":{"line":85,"column":48},"end":{"line":85,"column":80}},{"start":{"line":85,"column":80},"end":{"line":85,"column":85}}],"line":85},"6":{"loc":{"start":{"line":104,"column":4},"end":{"line":104,"column":null}},"type":"default-arg","locations":[{"start":{"line":104,"column":40},"end":{"line":104,"column":null}}],"line":104},"7":{"loc":{"start":{"line":107,"column":26},"end":{"line":107,"column":null}},"type":"cond-expr","locations":[{"start":{"line":107,"column":67},"end":{"line":107,"column":73}},{"start":{"line":107,"column":73},"end":{"line":107,"column":null}}],"line":107},"8":{"loc":{"start":{"line":111,"column":26},"end":{"line":111,"column":null}},"type":"binary-expr","locations":[{"start":{"line":111,"column":26},"end":{"line":111,"column":63}},{"start":{"line":111,"column":63},"end":{"line":111,"column":null}}],"line":111},"9":{"loc":{"start":{"line":119,"column":48},"end":{"line":119,"column":73}},"type":"binary-expr","locations":[{"start":{"line":119,"column":48},"end":{"line":119,"column":70}},{"start":{"line":119,"column":70},"end":{"line":119,"column":73}}],"line":119},"10":{"loc":{"start":{"line":126,"column":34},"end":{"line":126,"column":null}},"type":"cond-expr","locations":[{"start":{"line":126,"column":96},"end":{"line":126,"column":102}},{"start":{"line":126,"column":102},"end":{"line":126,"column":null}}],"line":126},"11":{"loc":{"start":{"line":126,"column":34},"end":{"line":126,"column":96}},"type":"binary-expr","locations":[{"start":{"line":126,"column":34},"end":{"line":126,"column":56}},{"start":{"line":126,"column":56},"end":{"line":126,"column":96}}],"line":126},"12":{"loc":{"start":{"line":138,"column":4},"end":{"line":153,"column":null}},"type":"if","locations":[{"start":{"line":138,"column":4},"end":{"line":153,"column":null}},{"start":{"line":149,"column":4},"end":{"line":153,"column":null}}],"line":138},"13":{"loc":{"start":{"line":148,"column":23},"end":{"line":148,"column":68}},"type":"binary-expr","locations":[{"start":{"line":148,"column":23},"end":{"line":148,"column":55}},{"start":{"line":148,"column":55},"end":{"line":148,"column":68}}],"line":148},"14":{"loc":{"start":{"line":149,"column":4},"end":{"line":153,"column":null}},"type":"if","locations":[{"start":{"line":149,"column":4},"end":{"line":153,"column":null}},{"start":{"line":151,"column":4},"end":{"line":153,"column":null}}],"line":149},"15":{"loc":{"start":{"line":151,"column":4},"end":{"line":153,"column":null}},"type":"if","locations":[{"start":{"line":151,"column":4},"end":{"line":153,"column":null}},{"start":{},"end":{}}],"line":151},"16":{"loc":{"start":{"line":164,"column":4},"end":{"line":164,"column":null}},"type":"default-arg","locations":[{"start":{"line":164,"column":40},"end":{"line":164,"column":null}}],"line":164},"17":{"loc":{"start":{"line":165,"column":4},"end":{"line":165,"column":null}},"type":"default-arg","locations":[{"start":{"line":165,"column":20},"end":{"line":165,"column":null}}],"line":165},"18":{"loc":{"start":{"line":189,"column":4},"end":{"line":189,"column":null}},"type":"default-arg","locations":[{"start":{"line":189,"column":40},"end":{"line":189,"column":null}}],"line":189},"19":{"loc":{"start":{"line":190,"column":4},"end":{"line":190,"column":null}},"type":"default-arg","locations":[{"start":{"line":190,"column":20},"end":{"line":190,"column":null}}],"line":190},"20":{"loc":{"start":{"line":195,"column":15},"end":{"line":195,"column":null}},"type":"binary-expr","locations":[{"start":{"line":195,"column":15},"end":{"line":195,"column":37}},{"start":{"line":195,"column":37},"end":{"line":195,"column":null}}],"line":195}},"s":{"0":0,"1":0,"2":0,"3":0,"4":0,"5":0,"6":0,"7":0,"8":0,"9":0,"10":0,"11":0,"12":0,"13":0,"14":0,"15":0,"16":0,"17":0,"18":0,"19":0,"20":0,"21":0,"22":0,"23":0,"24":0,"25":0,"26":0,"27":0,"28":0,"29":0,"30":0,"31":0,"32":0,"33":0,"34":0,"35":0,"36":0,"37":0,"38":0,"39":0,"40":0,"41":0,"42":0,"43":0,"44":0,"45":0,"46":0,"47":0,"48":0,"49":0,"50":0,"51":0,"52":0,"53":0,"54":0,"55":0,"56":0,"57":0,"58":0,"59":0,"60":0,"61":6,"62":300,"63":6,"64":294},"f":{"0":0,"1":0,"2":0,"3":0,"4":0,"5":0,"6":0,"7":0,"8":0,"9":0,"10":0,"11":0,"12":0,"13":0,"14":0,"15":0,"16":0,"17":0,"18":0,"19":6,"20":300,"21":294},"b":{"0":[0,0],"1":[0,0],"2":[0,0,0],"3":[0,0],"4":[0,0],"5":[0,0],"6":[0],"7":[0,0],"8":[0,0],"9":[0,0],"10":[0,0],"11":[0,0],"12":[0,0],"13":[0,0],"14":[0,0],"15":[0,0],"16":[0],"17":[0],"18":[6],"19":[6],"20":[300,300]},"meta":{"lastBranch":21,"lastFunction":22,"lastStatement":65,"seen":{"f:26:16:26:Infinity":0,"s:29:18:29:Infinity":0,"f:29:54:29:55":1,"s:29:70:29:83":1,"b:30:4:30:Infinity:undefined:undefined:undefined:undefined":0,"s:30:4:30:Infinity":2,"s:30:21:30:Infinity":3,"s:32:47:32:Infinity":4,"s:33:4:35:Infinity":5,"s:34:8:34:Infinity":6,"s:36:4:36:Infinity":7,"f:43:16:43:Infinity":2,"b:47:4:49:Infinity:undefined:undefined:undefined:undefined":1,"s:47:4:49:Infinity":8,"b:47:8:47:21:47:21:47:46:47:46:47:69":2,"s:48:8:48:Infinity":9,"s:51:23:51:Infinity":10,"f:51:44:51:49":3,"s:51:49:51:64":11,"s:52:20:52:Infinity":12,"f:52:36:52:43":4,"s:52:43:52:76":13,"s:55:18:55:Infinity":14,"f:55:43:55:48":5,"s:55:48:55:63":15,"f:55:82:55:87":6,"s:55:87:55:102":16,"s:56:4:56:Infinity":17,"f:63:16:63:36":7,"b:64:4:64:Infinity:undefined:undefined:undefined:undefined":3,"s:64:4:64:Infinity":18,"s:64:24:64:Infinity":19,"s:66:4:66:Infinity":20,"f:72:16:72:Infinity":8,"s:76:46:76:Infinity":21,"s:79:28:79:Infinity":22,"s:81:4:88:Infinity":23,"s:82:21:82:Infinity":24,"f:82:32:82:37":9,"s:82:37:82:52":25,"b:83:8:87:Infinity:undefined:undefined:undefined:undefined":4,"s:83:8:87:Infinity":26,"s:84:12:86:Infinity":27,"s:85:16:85:Infinity":28,"b:85:48:85:80:85:80:85:85":5,"s:91:4:94:Infinity":29,"f:92:14:92:15":10,"s:92:24:92:35":30,"f:94:13:94:14":11,"s:94:24:94:27":31,"f:100:16:100:Infinity":12,"b:104:40:104:Infinity":6,"s:107:26:107:Infinity":32,"b:107:67:107:73:107:73:107:Infinity":7,"s:110:31:110:Infinity":33,"s:111:26:111:Infinity":34,"b:111:26:111:63:111:63:111:Infinity":8,"s:114:21:114:Infinity":35,"s:115:21:115:Infinity":36,"s:118:21:118:Infinity":37,"s:119:28:119:Infinity":38,"b:119:48:119:70:119:70:119:73":9,"s:122:31:125:Infinity":39,"f:122:55:122:64":13,"s:123:24:123:Infinity":40,"f:123:35:123:40":14,"s:123:40:123:54":41,"s:124:8:124:Infinity":42,"s:126:34:126:Infinity":43,"b:126:96:126:102:126:102:126:Infinity":10,"b:126:34:126:56:126:56:126:96":11,"s:130:8:134:Infinity":44,"s:137:17:137:Infinity":45,"b:138:4:153:Infinity:149:4:153:Infinity":12,"s:138:4:153:Infinity":46,"s:139:54:147:Infinity":47,"s:148:8:148:Infinity":48,"b:148:23:148:55:148:55:148:68":13,"b:149:4:153:Infinity:151:4:153:Infinity":14,"s:149:4:153:Infinity":49,"s:150:8:150:Infinity":50,"b:151:4:153:Infinity:undefined:undefined:undefined:undefined":15,"s:151:4:153:Infinity":51,"s:152:8:152:Infinity":52,"s:155:4:155:Infinity":53,"f:161:16:161:Infinity":15,"b:164:40:164:Infinity":16,"b:165:20:165:Infinity":17,"s:168:27:170:Infinity":54,"f:168:40:168:Infinity":16,"s:169:8:169:Infinity":55,"s:173:24:176:Infinity":56,"f:173:43:173:51":17,"s:174:34:174:Infinity":57,"s:175:8:175:Infinity":58,"s:179:4:181:Infinity":59,"f:180:14:180:15":18,"s:180:24:180:41":60,"f:187:16:187:Infinity":19,"b:189:40:189:Infinity":18,"b:190:20:190:Infinity":19,"s:193:24:197:Infinity":61,"f:193:34:193:43":20,"s:193:43:197:6":62,"b:195:15:195:37:195:37:195:Infinity":20,"s:199:4:201:Infinity":63,"f:200:14:200:15":21,"s:200:24:200:41":64}}}
,"H:\\Akai\\client\\src\\lib\\utils.ts": {"path":"H:\\Akai\\client\\src\\lib\\utils.ts","statementMap":{"0":{"start":{"line":6,"column":2},"end":{"line":6,"column":null}},"1":{"start":{"line":25,"column":17},"end":{"line":25,"column":null}},"2":{"start":{"line":28,"column":2},"end":{"line":28,"column":null}},"3":{"start":{"line":28,"column":19},"end":{"line":28,"column":null}},"4":{"start":{"line":29,"column":2},"end":{"line":29,"column":null}},"5":{"start":{"line":29,"column":21},"end":{"line":29,"column":null}},"6":{"start":{"line":30,"column":2},"end":{"line":30,"column":null}},"7":{"start":{"line":30,"column":20},"end":{"line":30,"column":null}},"8":{"start":{"line":31,"column":2},"end":{"line":31,"column":null}},"9":{"start":{"line":31,"column":27},"end":{"line":31,"column":null}},"10":{"start":{"line":32,"column":2},"end":{"line":32,"column":null}},"11":{"start":{"line":32,"column":21},"end":{"line":32,"column":null}},"12":{"start":{"line":34,"column":25},"end":{"line":34,"column":null}},"13":{"start":{"line":35,"column":2},"end":{"line":35,"column":null}},"14":{"start":{"line":37,"column":25},"end":{"line":37,"column":null}},"15":{"start":{"line":38,"column":2},"end":{"line":38,"column":null}},"16":{"start":{"line":39,"column":2},"end":{"line":39,"column":null}},"17":{"start":{"line":40,"column":2},"end":{"line":40,"column":null}},"18":{"start":{"line":40,"column":27},"end":{"line":40,"column":null}},"19":{"start":{"line":42,"column":21},"end":{"line":42,"column":null}},"20":{"start":{"line":43,"column":2},"end":{"line":43,"column":null}},"21":{"start":{"line":44,"column":2},"end":{"line":44,"column":null}},"22":{"start":{"line":44,"column":20},"end":{"line":44,"column":null}},"23":{"start":{"line":46,"column":2},"end":{"line":50,"column":null}},"24":{"start":{"line":55,"column":2},"end":{"line":57,"column":null}},"25":{"start":{"line":56,"column":4},"end":{"line":56,"column":null}},"26":{"start":{"line":58,"column":2},"end":{"line":60,"column":null}},"27":{"start":{"line":59,"column":4},"end":{"line":59,"column":null}},"28":{"start":{"line":61,"column":2},"end":{"line":63,"column":null}},"29":{"start":{"line":62,"column":4},"end":{"line":62,"column":null}},"30":{"start":{"line":64,"column":2},"end":{"line":64,"column":null}},"31":{"start":{"line":68,"column":18},"end":{"line":68,"column":null}},"32":{"start":{"line":69,"column":2},"end":{"line":73,"column":null}},"33":{"start":{"line":77,"column":2},"end":{"line":80,"column":null}},"34":{"start":{"line":91,"column":2},"end":{"line":101,"column":null}},"35":{"start":{"line":92,"column":17},"end":{"line":92,"column":null}},"36":{"start":{"line":93,"column":4},"end":{"line":95,"column":null}},"37":{"start":{"line":94,"column":6},"end":{"line":94,"column":null}},"38":{"start":{"line":96,"column":4},"end":{"line":96,"column":null}},"39":{"start":{"line":97,"column":4},"end":{"line":97,"column":null}},"40":{"start":{"line":99,"column":4},"end":{"line":99,"column":null}},"41":{"start":{"line":100,"column":4},"end":{"line":100,"column":null}}},"fnMap":{"0":{"name":"cn","decl":{"start":{"line":5,"column":16},"end":{"line":5,"column":22}},"loc":{"start":{"line":5,"column":44},"end":{"line":7,"column":null}},"line":5},"1":{"name":"generateShareUrls","decl":{"start":{"line":24,"column":16},"end":{"line":24,"column":34}},"loc":{"start":{"line":24,"column":71},"end":{"line":51,"column":null}},"line":24},"2":{"name":"formatErrorMessage","decl":{"start":{"line":54,"column":16},"end":{"line":54,"column":35}},"loc":{"start":{"line":54,"column":59},"end":{"line":65,"column":null}},"line":54},"3":{"name":"showErrorToast","decl":{"start":{"line":67,"column":16},"end":{"line":67,"column":31}},"loc":{"start":{"line":67,"column":47},"end":{"line":74,"column":null}},"line":67},"4":{"name":"showSuccessToast","decl":{"start":{"line":76,"column":16},"end":{"line":76,"column":33}},"loc":{"start":{"line":76,"column":50},"end":{"line":81,"column":null}},"line":76},"5":{"name":"handleApiRequest","decl":{"start":{"line":84,"column":22},"end":{"line":84,"column":null}},"loc":{"start":{"line":90,"column":26},"end":{"line":102,"column":null}},"line":90}},"branchMap":{"0":{"loc":{"start":{"line":28,"column":2},"end":{"line":28,"column":null}},"type":"if","locations":[{"start":{"line":28,"column":2},"end":{"line":28,"column":null}},{"start":{},"end":{}}],"line":28},"1":{"loc":{"start":{"line":29,"column":2},"end":{"line":29,"column":null}},"type":"if","locations":[{"start":{"line":29,"column":2},"end":{"line":29,"column":null}},{"start":{},"end":{}}],"line":29},"2":{"loc":{"start":{"line":30,"column":2},"end":{"line":30,"column":null}},"type":"if","locations":[{"start":{"line":30,"column":2},"end":{"line":30,"column":null}},{"start":{},"end":{}}],"line":30},"3":{"loc":{"start":{"line":31,"column":2},"end":{"line":31,"column":null}},"type":"if","locations":[{"start":{"line":31,"column":2},"end":{"line":31,"column":null}},{"start":{},"end":{}}],"line":31},"4":{"loc":{"start":{"line":32,"column":2},"end":{"line":32,"column":null}},"type":"if","locations":[{"start":{"line":32,"column":2},"end":{"line":32,"column":null}},{"start":{},"end":{}}],"line":32},"5":{"loc":{"start":{"line":40,"column":2},"end":{"line":40,"column":null}},"type":"if","locations":[{"start":{"line":40,"column":2},"end":{"line":40,"column":null}},{"start":{},"end":{}}],"line":40},"6":{"loc":{"start":{"line":44,"column":2},"end":{"line":44,"column":null}},"type":"if","locations":[{"start":{"line":44,"column":2},"end":{"line":44,"column":null}},{"start":{},"end":{}}],"line":44},"7":{"loc":{"start":{"line":55,"column":2},"end":{"line":57,"column":null}},"type":"if","locations":[{"start":{"line":55,"column":2},"end":{"line":57,"column":null}},{"start":{},"end":{}}],"line":55},"8":{"loc":{"start":{"line":58,"column":2},"end":{"line":60,"column":null}},"type":"if","locations":[{"start":{"line":58,"column":2},"end":{"line":60,"column":null}},{"start":{},"end":{}}],"line":58},"9":{"loc":{"start":{"line":61,"column":2},"end":{"line":63,"column":null}},"type":"if","locations":[{"start":{"line":61,"column":2},"end":{"line":63,"column":null}},{"start":{},"end":{}}],"line":61},"10":{"loc":{"start":{"line":61,"column":6},"end":{"line":61,"column":64}},"type":"binary-expr","locations":[{"start":{"line":61,"column":6},"end":{"line":61,"column":35}},{"start":{"line":61,"column":35},"end":{"line":61,"column":44}},{"start":{"line":61,"column":44},"end":{"line":61,"column":64}}],"line":61},"11":{"loc":{"start":{"line":93,"column":4},"end":{"line":95,"column":null}},"type":"if","locations":[{"start":{"line":93,"column":4},"end":{"line":95,"column":null}},{"start":{},"end":{}}],"line":93}},"s":{"0":269,"1":0,"2":0,"3":0,"4":0,"5":0,"6":0,"7":0,"8":0,"9":0,"10":0,"11":0,"12":0,"13":0,"14":0,"15":0,"16":0,"17":0,"18":0,"19":0,"20":0,"21":0,"22":0,"23":0,"24":0,"25":0,"26":0,"27":0,"28":0,"29":0,"30":0,"31":0,"32":0,"33":0,"34":0,"35":0,"36":0,"37":0,"38":0,"39":0,"40":0,"41":0},"f":{"0":269,"1":0,"2":0,"3":0,"4":0,"5":0},"b":{"0":[0,0],"1":[0,0],"2":[0,0],"3":[0,0],"4":[0,0],"5":[0,0],"6":[0,0],"7":[0,0],"8":[0,0],"9":[0,0],"10":[0,0,0],"11":[0,0]},"meta":{"lastBranch":12,"lastFunction":6,"lastStatement":42,"seen":{"f:5:16:5:22":0,"s:6:2:6:Infinity":0,"f:24:16:24:34":1,"s:25:17:25:Infinity":1,"b:28:2:28:Infinity:undefined:undefined:undefined:undefined":0,"s:28:2:28:Infinity":2,"s:28:19:28:Infinity":3,"b:29:2:29:Infinity:undefined:undefined:undefined:undefined":1,"s:29:2:29:Infinity":4,"s:29:21:29:Infinity":5,"b:30:2:30:Infinity:undefined:undefined:undefined:undefined":2,"s:30:2:30:Infinity":6,"s:30:20:30:Infinity":7,"b:31:2:31:Infinity:undefined:undefined:undefined:undefined":3,"s:31:2:31:Infinity":8,"s:31:27:31:Infinity":9,"b:32:2:32:Infinity:undefined:undefined:undefined:undefined":4,"s:32:2:32:Infinity":10,"s:32:21:32:Infinity":11,"s:34:25:34:Infinity":12,"s:35:2:35:Infinity":13,"s:37:25:37:Infinity":14,"s:38:2:38:Infinity":15,"s:39:2:39:Infinity":16,"b:40:2:40:Infinity:undefined:undefined:undefined:undefined":5,"s:40:2:40:Infinity":17,"s:40:27:40:Infinity":18,"s:42:21:42:Infinity":19,"s:43:2:43:Infinity":20,"b:44:2:44:Infinity:undefined:undefined:undefined:undefined":6,"s:44:2:44:Infinity":21,"s:44:20:44:Infinity":22,"s:46:2:50:Infinity":23,"f:54:16:54:35":2,"b:55:2:57:Infinity:undefined:undefined:undefined:undefined":7,"s:55:2:57:Infinity":24,"s:56:4:56:Infinity":25,"b:58:2:60:Infinity:undefined:undefined:undefined:undefined":8,"s:58:2:60:Infinity":26,"s:59:4:59:Infinity":27,"b:61:2:63:Infinity:undefined:undefined:undefined:undefined":9,"s:61:2:63:Infinity":28,"b:61:6:61:35:61:35:61:44:61:44:61:64":10,"s:62:4:62:Infinity":29,"s:64:2:64:Infinity":30,"f:67:16:67:31":3,"s:68:18:68:Infinity":31,"s:69:2:73:Infinity":32,"f:76:16:76:33":4,"s:77:2:80:Infinity":33,"f:84:22:84:Infinity":5,"s:91:2:101:Infinity":34,"s:92:17:92:Infinity":35,"b:93:4:95:Infinity:undefined:undefined:undefined:undefined":11,"s:93:4:95:Infinity":36,"s:94:6:94:Infinity":37,"s:96:4:96:Infinity":38,"s:97:4:97:Infinity":39,"s:99:4:99:Infinity":40,"s:100:4:100:Infinity":41}}}
}
